#-----------------------------------------------------------
# Vivado v2022.2 (64-bit)
# SW Build 3671981 on Fri Oct 14 05:00:03 MDT 2022
# IP Build 3669848 on Fri Oct 14 08:30:02 MDT 2022
# Start of session at: Wed Dec 14 19:26:10 2022
# Process ID: 16048
# Current directory: C:/Users/yagob/Documents/GitHub/TRABAJO_VHDL
# Command line: vivado.exe -gui_launcher_event rodinguilauncherevent1152 C:\Users\yagob\Documents\GitHub\TRABAJO_VHDL\TRABAJO.xpr
# Log file: C:/Users/yagob/Documents/GitHub/TRABAJO_VHDL/vivado.log
# Journal file: C:/Users/yagob/Documents/GitHub/TRABAJO_VHDL\vivado.jou
# Running On: DESKTOP-GS26EEL, OS: Windows, CPU Frequency: 1992 MHz, CPU Physical cores: 4, Host memory: 8464 MB
#-----------------------------------------------------------
start_gui
open_project C:/Users/yagob/Documents/GitHub/TRABAJO_VHDL/TRABAJO.xpr
WARNING: [Board 49-26] cannot add Board Part xilinx.com:k26c:part0:1.2 available at C:/Xilinx/Vivado/2022.2/data/xhub/boards/XilinxBoardStore/boards/Xilinx/k26c/1.2/board.xml as part xck26-sfvc784-2lv-c specified in board_part file is either invalid or not available
WARNING: [Board 49-26] cannot add Board Part xilinx.com:k26c:part0:1.3 available at C:/Xilinx/Vivado/2022.2/data/xhub/boards/XilinxBoardStore/boards/Xilinx/k26c/1.3/board.xml as part xck26-sfvc784-2lv-c specified in board_part file is either invalid or not available
WARNING: [Board 49-26] cannot add Board Part xilinx.com:k26c:part0:1.4 available at C:/Xilinx/Vivado/2022.2/data/xhub/boards/XilinxBoardStore/boards/Xilinx/k26c/1.4/board.xml as part xck26-sfvc784-2lv-c specified in board_part file is either invalid or not available
WARNING: [Board 49-26] cannot add Board Part xilinx.com:k26i:part0:1.2 available at C:/Xilinx/Vivado/2022.2/data/xhub/boards/XilinxBoardStore/boards/Xilinx/k26i/1.2/board.xml as part xck26-sfvc784-2lvi-i specified in board_part file is either invalid or not available
WARNING: [Board 49-26] cannot add Board Part xilinx.com:k26i:part0:1.3 available at C:/Xilinx/Vivado/2022.2/data/xhub/boards/XilinxBoardStore/boards/Xilinx/k26i/1.3/board.xml as part xck26-sfvc784-2lvi-i specified in board_part file is either invalid or not available
WARNING: [Board 49-26] cannot add Board Part xilinx.com:k26i:part0:1.4 available at C:/Xilinx/Vivado/2022.2/data/xhub/boards/XilinxBoardStore/boards/Xilinx/k26i/1.4/board.xml as part xck26-sfvc784-2lvi-i specified in board_part file is either invalid or not available
WARNING: [Board 49-26] cannot add Board Part xilinx.com:kc705:part0:1.6 available at C:/Xilinx/Vivado/2022.2/data/xhub/boards/XilinxBoardStore/boards/Xilinx/kc705/1.6/board.xml as part xc7k325tffg900-2 specified in board_part file is either invalid or not available
WARNING: [Board 49-26] cannot add Board Part xilinx.com:kcu105:part0:1.6 available at C:/Xilinx/Vivado/2022.2/data/xhub/boards/XilinxBoardStore/boards/Xilinx/kcu105/1.6/board.xml as part xcku040-ffva1156-2-e specified in board_part file is either invalid or not available
WARNING: [Board 49-26] cannot add Board Part xilinx.com:kcu105:part0:1.7 available at C:/Xilinx/Vivado/2022.2/data/xhub/boards/XilinxBoardStore/boards/Xilinx/kcu105/1.7/board.xml as part xcku040-ffva1156-2-e specified in board_part file is either invalid or not available
WARNING: [Board 49-26] cannot add Board Part xilinx.com:kcu116:part0:1.4 available at C:/Xilinx/Vivado/2022.2/data/xhub/boards/XilinxBoardStore/boards/Xilinx/kcu116/1.4/board.xml as part xcku5p-ffvb676-2-e specified in board_part file is either invalid or not available
WARNING: [Board 49-26] cannot add Board Part xilinx.com:kcu116:part0:1.5 available at C:/Xilinx/Vivado/2022.2/data/xhub/boards/XilinxBoardStore/boards/Xilinx/kcu116/1.5/board.xml as part xcku5p-ffvb676-2-e specified in board_part file is either invalid or not available
WARNING: [Board 49-26] cannot add Board Part xilinx.com:kcu1500:part0:1.2 available at C:/Xilinx/Vivado/2022.2/data/xhub/boards/XilinxBoardStore/boards/Xilinx/kcu1500/1.2/board.xml as part xcku115-flvb2104-2-e specified in board_part file is either invalid or not available
WARNING: [Board 49-26] cannot add Board Part xilinx.com:kr260_som:part0:1.0 available at C:/Xilinx/Vivado/2022.2/data/xhub/boards/XilinxBoardStore/boards/Xilinx/kr260_som/1.0/board.xml as part xck26-sfvc784-2lv-c specified in board_part file is either invalid or not available
WARNING: [Board 49-26] cannot add Board Part xilinx.com:kr260_som:part0:1.1 available at C:/Xilinx/Vivado/2022.2/data/xhub/boards/XilinxBoardStore/boards/Xilinx/kr260_som/1.1/board.xml as part xck26-sfvc784-2lv-c specified in board_part file is either invalid or not available
WARNING: [Board 49-26] cannot add Board Part xilinx.com:kv260_som:part0:1.2 available at C:/Xilinx/Vivado/2022.2/data/xhub/boards/XilinxBoardStore/boards/Xilinx/kv260_som/1.2/board.xml as part xck26-sfvc784-2lv-c specified in board_part file is either invalid or not available
WARNING: [Board 49-26] cannot add Board Part xilinx.com:kv260_som:part0:1.3 available at C:/Xilinx/Vivado/2022.2/data/xhub/boards/XilinxBoardStore/boards/Xilinx/kv260_som/1.3/board.xml as part xck26-sfvc784-2lv-c specified in board_part file is either invalid or not available
WARNING: [Board 49-26] cannot add Board Part xilinx.com:kv260_som:part0:1.4 available at C:/Xilinx/Vivado/2022.2/data/xhub/boards/XilinxBoardStore/boards/Xilinx/kv260_som/1.4/board.xml as part xck26-sfvc784-2lv-c specified in board_part file is either invalid or not available
WARNING: [Board 49-26] cannot add Board Part xilinx.com:vc707:part0:1.4 available at C:/Xilinx/Vivado/2022.2/data/xhub/boards/XilinxBoardStore/boards/Xilinx/vc707/1.4/board.xml as part xc7vx485tffg1761-2 specified in board_part file is either invalid or not available
WARNING: [Board 49-26] cannot add Board Part xilinx.com:vc709:part0:1.8 available at C:/Xilinx/Vivado/2022.2/data/xhub/boards/XilinxBoardStore/boards/Xilinx/vc709/1.8/board.xml as part xc7vx690tffg1761-2 specified in board_part file is either invalid or not available
WARNING: [Board 49-26] cannot add Board Part xilinx.com:vck190:part0:2.2 available at C:/Xilinx/Vivado/2022.2/data/xhub/boards/XilinxBoardStore/boards/Xilinx/vck190/production/2.2/board.xml as part xcvc1902-vsva2197-2mp-e-s specified in board_part file is either invalid or not available
WARNING: [Board 49-26] cannot add Board Part xilinx.com:vck190:part0:3.0 available at C:/Xilinx/Vivado/2022.2/data/xhub/boards/XilinxBoardStore/boards/Xilinx/vck190/production/3.0/board.xml as part xcvc1902-vsva2197-2mp-e-s specified in board_part file is either invalid or not available
WARNING: [Board 49-26] cannot add Board Part xilinx.com:vck190:part0:3.1 available at C:/Xilinx/Vivado/2022.2/data/xhub/boards/XilinxBoardStore/boards/Xilinx/vck190/production/3.1/board.xml as part xcvc1902-vsva2197-2mp-e-s specified in board_part file is either invalid or not available
WARNING: [Board 49-26] cannot add Board Part xilinx.com:vck190_newl:part0:1.0 available at C:/Xilinx/Vivado/2022.2/data/xhub/boards/XilinxBoardStore/boards/Xilinx/vck190_newl/production/1.0/board.xml as part xcvc1902-vsva2197-2mp-e-s specified in board_part file is either invalid or not available
WARNING: [Board 49-26] cannot add Board Part xilinx.com:vcu108:part0:1.6 available at C:/Xilinx/Vivado/2022.2/data/xhub/boards/XilinxBoardStore/boards/Xilinx/vcu108/1.6/board.xml as part xcvu095-ffva2104-2-e specified in board_part file is either invalid or not available
WARNING: [Board 49-26] cannot add Board Part xilinx.com:vcu108:part0:1.7 available at C:/Xilinx/Vivado/2022.2/data/xhub/boards/XilinxBoardStore/boards/Xilinx/vcu108/1.7/board.xml as part xcvu095-ffva2104-2-e specified in board_part file is either invalid or not available
WARNING: [Board 49-26] cannot add Board Part xilinx.com:vcu110:part0:1.4 available at C:/Xilinx/Vivado/2022.2/data/xhub/boards/XilinxBoardStore/boards/Xilinx/vcu110/1.4/board.xml as part xcvu190-flgc2104-2-e specified in board_part file is either invalid or not available
WARNING: [Board 49-26] cannot add Board Part xilinx.com:vcu118:part0:2.0 available at C:/Xilinx/Vivado/2022.2/data/xhub/boards/XilinxBoardStore/boards/Xilinx/vcu118/2.0/board.xml as part xcvu9p-flga2104-2l-e specified in board_part file is either invalid or not available
WARNING: [Board 49-26] cannot add Board Part xilinx.com:vcu118:part0:2.3 available at C:/Xilinx/Vivado/2022.2/data/xhub/boards/XilinxBoardStore/boards/Xilinx/vcu118/2.3/board.xml as part xcvu9p-flga2104-2l-e specified in board_part file is either invalid or not available
WARNING: [Board 49-26] cannot add Board Part xilinx.com:vcu118:part0:2.4 available at C:/Xilinx/Vivado/2022.2/data/xhub/boards/XilinxBoardStore/boards/Xilinx/vcu118/2.4/board.xml as part xcvu9p-flga2104-2l-e specified in board_part file is either invalid or not available
WARNING: [Board 49-26] cannot add Board Part xilinx.com:vcu128:part0:1.0 available at C:/Xilinx/Vivado/2022.2/data/xhub/boards/XilinxBoardStore/boards/Xilinx/vcu128/production/1.0/board.xml as part xcvu37p-fsvh2892-2l-e specified in board_part file is either invalid or not available
WARNING: [Board 49-26] cannot add Board Part xilinx.com:vcu129:part0:1.0 available at C:/Xilinx/Vivado/2022.2/data/xhub/boards/XilinxBoardStore/boards/Xilinx/vcu129/production/1.0/board.xml as part xcvu29p-fsga2577-2l-e specified in board_part file is either invalid or not available
WARNING: [Board 49-26] cannot add Board Part xilinx.com:vcu1525:part0:1.3 available at C:/Xilinx/Vivado/2022.2/data/xhub/boards/XilinxBoardStore/boards/Xilinx/vcu1525/1.3/board.xml as part xcvu9p-fsgd2104-2l-e specified in board_part file is either invalid or not available
WARNING: [Board 49-26] cannot add Board Part xilinx.com:vek280_es:part0:1.0 available at C:/Xilinx/Vivado/2022.2/data/xhub/boards/XilinxBoardStore/boards/Xilinx/vek280/es/1.0/board.xml as part xcve2802-vsvh1760-2lp-e-s-es1 specified in board_part file is either invalid or not available
WARNING: [Board 49-26] cannot add Board Part xilinx.com:vermeo_t1_mpsoc:part0:1.0 available at C:/Xilinx/Vivado/2022.2/data/xhub/boards/XilinxBoardStore/boards/Xilinx/vermeo_t1_mpsoc/1.0/board.xml as part xczu19eg-ffvd1760-2l-e specified in board_part file is either invalid or not available
WARNING: [Board 49-26] cannot add Board Part xilinx.com:vermeo_t1_rfsoc:part0:1.0 available at C:/Xilinx/Vivado/2022.2/data/xhub/boards/XilinxBoardStore/boards/Xilinx/vermeo_t1_rfsoc/1.0/board.xml as part xczu21dr-ffvd1156-2l-e specified in board_part file is either invalid or not available
WARNING: [Board 49-26] cannot add Board Part xilinx.com:vhk158_es:part0:1.0 available at C:/Xilinx/Vivado/2022.2/data/xhub/boards/XilinxBoardStore/boards/Xilinx/vhk158/es/1.0/board.xml as part xcvh1582-vsva3697-2mp-e-s-es1 specified in board_part file is either invalid or not available
WARNING: [Board 49-26] cannot add Board Part xilinx.com:vmk180:part0:2.2 available at C:/Xilinx/Vivado/2022.2/data/xhub/boards/XilinxBoardStore/boards/Xilinx/vmk180/production/2.2/board.xml as part xcvm1802-vsva2197-2mp-e-s specified in board_part file is either invalid or not available
WARNING: [Board 49-26] cannot add Board Part xilinx.com:vmk180:part0:3.0 available at C:/Xilinx/Vivado/2022.2/data/xhub/boards/XilinxBoardStore/boards/Xilinx/vmk180/production/3.0/board.xml as part xcvm1802-vsva2197-2mp-e-s specified in board_part file is either invalid or not available
WARNING: [Board 49-26] cannot add Board Part xilinx.com:vmk180:part0:3.1 available at C:/Xilinx/Vivado/2022.2/data/xhub/boards/XilinxBoardStore/boards/Xilinx/vmk180/production/3.1/board.xml as part xcvm1802-vsva2197-2mp-e-s specified in board_part file is either invalid or not available
WARNING: [Board 49-26] cannot add Board Part xilinx.com:vmk180_newl:part0:1.0 available at C:/Xilinx/Vivado/2022.2/data/xhub/boards/XilinxBoardStore/boards/Xilinx/vmk180_newl/production/1.0/board.xml as part xcvm1802-vsva2197-2mp-e-s specified in board_part file is either invalid or not available
WARNING: [Board 49-26] cannot add Board Part xilinx.com:vpk120:part0:1.0 available at C:/Xilinx/Vivado/2022.2/data/xhub/boards/XilinxBoardStore/boards/Xilinx/vpk120/production/1.0/board.xml as part xcvp1202-vsva2785-2mp-e-s specified in board_part file is either invalid or not available
WARNING: [Board 49-26] cannot add Board Part xilinx.com:vpk120_es:part0:1.2 available at C:/Xilinx/Vivado/2022.2/data/xhub/boards/XilinxBoardStore/boards/Xilinx/vpk120/es/1.2/board.xml as part xcvp1202-vsva2785-2mp-e-s-es1 specified in board_part file is either invalid or not available
WARNING: [Board 49-26] cannot add Board Part xilinx.com:vpk120_es_revb:part0:1.0 available at C:/Xilinx/Vivado/2022.2/data/xhub/boards/XilinxBoardStore/boards/Xilinx/vpk120_revb/es/1.0/board.xml as part xcvp1202-vsva2785-2mp-e-s-es1 specified in board_part file is either invalid or not available
WARNING: [Board 49-26] cannot add Board Part xilinx.com:vpk180_es:part0:1.0 available at C:/Xilinx/Vivado/2022.2/data/xhub/boards/XilinxBoardStore/boards/Xilinx/vpk180/es/1.0/board.xml as part xcvp1802-lsvc4072-2mp-e-s-es1 specified in board_part file is either invalid or not available
WARNING: [Board 49-26] cannot add Board Part xilinx.com:zc702:part0:1.4 available at C:/Xilinx/Vivado/2022.2/data/xhub/boards/XilinxBoardStore/boards/Xilinx/zc702/1.4/board.xml as part xc7z020clg484-1 specified in board_part file is either invalid or not available
WARNING: [Board 49-26] cannot add Board Part xilinx.com:zc706:part0:1.4 available at C:/Xilinx/Vivado/2022.2/data/xhub/boards/XilinxBoardStore/boards/Xilinx/zc706/1.4/board.xml as part xc7z045ffg900-2 specified in board_part file is either invalid or not available
WARNING: [Board 49-26] cannot add Board Part xilinx.com:zcu102:part0:3.3 available at C:/Xilinx/Vivado/2022.2/data/xhub/boards/XilinxBoardStore/boards/Xilinx/zcu102/3.3/board.xml as part xczu9eg-ffvb1156-2-e specified in board_part file is either invalid or not available
WARNING: [Board 49-26] cannot add Board Part xilinx.com:zcu102:part0:3.4 available at C:/Xilinx/Vivado/2022.2/data/xhub/boards/XilinxBoardStore/boards/Xilinx/zcu102/3.4/board.xml as part xczu9eg-ffvb1156-2-e specified in board_part file is either invalid or not available
WARNING: [Board 49-26] cannot add Board Part xilinx.com:zcu104:part0:1.1 available at C:/Xilinx/Vivado/2022.2/data/xhub/boards/XilinxBoardStore/boards/Xilinx/zcu104/1.1/board.xml as part xczu7ev-ffvc1156-2-e specified in board_part file is either invalid or not available
WARNING: [Board 49-26] cannot add Board Part xilinx.com:zcu106:part0:2.4 available at C:/Xilinx/Vivado/2022.2/data/xhub/boards/XilinxBoardStore/boards/Xilinx/zcu106/2.4/board.xml as part xczu7ev-ffvc1156-2-e specified in board_part file is either invalid or not available
WARNING: [Board 49-26] cannot add Board Part xilinx.com:zcu106:part0:2.5 available at C:/Xilinx/Vivado/2022.2/data/xhub/boards/XilinxBoardStore/boards/Xilinx/zcu106/2.5/board.xml as part xczu7ev-ffvc1156-2-e specified in board_part file is either invalid or not available
WARNING: [Board 49-26] cannot add Board Part xilinx.com:zcu106:part0:2.6 available at C:/Xilinx/Vivado/2022.2/data/xhub/boards/XilinxBoardStore/boards/Xilinx/zcu106/2.6/board.xml as part xczu7ev-ffvc1156-2-e specified in board_part file is either invalid or not available
WARNING: [Board 49-26] cannot add Board Part xilinx.com:zcu111:part0:1.2 available at C:/Xilinx/Vivado/2022.2/data/xhub/boards/XilinxBoardStore/boards/Xilinx/zcu111/1.2/board.xml as part xczu28dr-ffvg1517-2-e specified in board_part file is either invalid or not available
WARNING: [Board 49-26] cannot add Board Part xilinx.com:zcu111:part0:1.3 available at C:/Xilinx/Vivado/2022.2/data/xhub/boards/XilinxBoardStore/boards/Xilinx/zcu111/1.3/board.xml as part xczu28dr-ffvg1517-2-e specified in board_part file is either invalid or not available
WARNING: [Board 49-26] cannot add Board Part xilinx.com:zcu111:part0:1.4 available at C:/Xilinx/Vivado/2022.2/data/xhub/boards/XilinxBoardStore/boards/Xilinx/zcu111/1.4/board.xml as part xczu28dr-ffvg1517-2-e specified in board_part file is either invalid or not available
WARNING: [Board 49-26] cannot add Board Part xilinx.com:zcu1275:part0:1.0 available at C:/Xilinx/Vivado/2022.2/data/xhub/boards/XilinxBoardStore/boards/Xilinx/zcu1275/1.0/board.xml as part xczu29dr-ffvf1760-2-e specified in board_part file is either invalid or not available
WARNING: [Board 49-26] cannot add Board Part xilinx.com:zcu1285:part0:1.0 available at C:/Xilinx/Vivado/2022.2/data/xhub/boards/XilinxBoardStore/boards/Xilinx/zcu1285/1.0/board.xml as part xczu39dr-ffvf1760-2-i specified in board_part file is either invalid or not available
WARNING: [Board 49-26] cannot add Board Part xilinx.com:zcu208:part0:2.0 available at C:/Xilinx/Vivado/2022.2/data/xhub/boards/XilinxBoardStore/boards/Xilinx/zcu208/production/2.0/board.xml as part xczu48dr-fsvg1517-2-e specified in board_part file is either invalid or not available
WARNING: [Board 49-26] cannot add Board Part xilinx.com:zcu208ld:part0:2.0 available at C:/Xilinx/Vivado/2022.2/data/xhub/boards/XilinxBoardStore/boards/Xilinx/zcu208ld/production/2.0/board.xml as part xczu58dr-fsvg1517-2-i specified in board_part file is either invalid or not available
WARNING: [Board 49-26] cannot add Board Part xilinx.com:zcu216:part0:2.0 available at C:/Xilinx/Vivado/2022.2/data/xhub/boards/XilinxBoardStore/boards/Xilinx/zcu216/production/2.0/board.xml as part xczu49dr-ffvf1760-2-e specified in board_part file is either invalid or not available
WARNING: [Board 49-26] cannot add Board Part xilinx.com:zcu216ld:part0:2.0 available at C:/Xilinx/Vivado/2022.2/data/xhub/boards/XilinxBoardStore/boards/Xilinx/zcu216ld/production/2.0/board.xml as part xczu59dr-ffvf1760-2-i specified in board_part file is either invalid or not available
WARNING: [Board 49-26] cannot add Board Part xilinx.com:zcu670:part0:2.0 available at C:/Xilinx/Vivado/2022.2/data/xhub/boards/XilinxBoardStore/boards/Xilinx/zcu670/2.0/board.xml as part xczu67dr-fsve1156-2-i specified in board_part file is either invalid or not available
WARNING: [Board 49-26] cannot add Board Part xilinx.com:zcu670ld:part0:1.0 available at C:/Xilinx/Vivado/2022.2/data/xhub/boards/XilinxBoardStore/boards/Xilinx/zcu670ld/1.0/board.xml as part xczu57dr-fsve1156-2-i specified in board_part file is either invalid or not available
INFO: [filemgmt 56-3] Default IP Output Path : Could not find the directory 'C:/Users/yagob/Documents/GitHub/TRABAJO_VHDL/TRABAJO.gen/sources_1'.
Scanning sources...
Finished scanning sources
INFO: [IP_Flow 19-234] Refreshing IP repositories
INFO: [IP_Flow 19-1704] No user IP repositories specified
INFO: [IP_Flow 19-2313] Loaded Vivado IP repository 'C:/Xilinx/Vivado/2022.2/data/ip'.
open_project: Time (s): cpu = 00:00:30 ; elapsed = 00:00:12 . Memory (MB): peak = 1121.246 ; gain = 234.516
update_compile_order -fileset sources_1
reset_run synth_1
launch_runs synth_1 -jobs 4
[Wed Dec 14 19:26:53 2022] Launched synth_1...
Run output will be captured here: C:/Users/yagob/Documents/GitHub/TRABAJO_VHDL/TRABAJO.runs/synth_1/runme.log
reset_run synth_1
launch_runs synth_1 -jobs 4
[Wed Dec 14 19:29:05 2022] Launched synth_1...
Run output will be captured here: C:/Users/yagob/Documents/GitHub/TRABAJO_VHDL/TRABAJO.runs/synth_1/runme.log
launch_runs impl_1 -jobs 4
[Wed Dec 14 19:30:11 2022] Launched impl_1...
Run output will be captured here: C:/Users/yagob/Documents/GitHub/TRABAJO_VHDL/TRABAJO.runs/impl_1/runme.log
synth_design -rtl -rtl_skip_mlo -name rtl_1
Command: synth_design -rtl -rtl_skip_mlo -name rtl_1
Starting synth_design
Using part: xc7a100tcsg324-1
Top: top
INFO: [Device 21-403] Loading part xc7a100tcsg324-1
INFO: [Synth 8-11241] undeclared symbol 'REGCCE', assumed default net type 'wire' [C:/Xilinx/Vivado/2022.2/data/verilog/src/unimacro/BRAM_SINGLE_MACRO.v:2170]
---------------------------------------------------------------------------------
Starting RTL Elaboration : Time (s): cpu = 00:00:06 ; elapsed = 00:00:06 . Memory (MB): peak = 1897.262 ; gain = 387.137
---------------------------------------------------------------------------------
INFO: [Synth 8-638] synthesizing module 'top' [C:/Users/yagob/Documents/GitHub/TRABAJO_VHDL/TRABAJO.srcs/sources_1/new/top.vhd:18]
INFO: [Synth 8-3491] module 'SYNCHRNZR' declared at 'C:/Users/yagob/Documents/GitHub/TRABAJO_VHDL/TRABAJO.srcs/sources_1/new/SYNCHRNZR.vhd:5' bound to instance 'Inst_syncro' of component 'SYNCHRNZR' [C:/Users/yagob/Documents/GitHub/TRABAJO_VHDL/TRABAJO.srcs/sources_1/new/top.vhd:53]
INFO: [Synth 8-638] synthesizing module 'SYNCHRNZR' [C:/Users/yagob/Documents/GitHub/TRABAJO_VHDL/TRABAJO.srcs/sources_1/new/SYNCHRNZR.vhd:12]
INFO: [Synth 8-256] done synthesizing module 'SYNCHRNZR' (0#1) [C:/Users/yagob/Documents/GitHub/TRABAJO_VHDL/TRABAJO.srcs/sources_1/new/SYNCHRNZR.vhd:12]
INFO: [Synth 8-3491] module 'EDGEDTCTR' declared at 'C:/Users/yagob/Documents/GitHub/TRABAJO_VHDL/TRABAJO.srcs/sources_1/new/EDGEDTCTR.vhd:3' bound to instance 'Inst_contr' of component 'EDGEDTCTR' [C:/Users/yagob/Documents/GitHub/TRABAJO_VHDL/TRABAJO.srcs/sources_1/new/top.vhd:59]
INFO: [Synth 8-638] synthesizing module 'EDGEDTCTR' [C:/Users/yagob/Documents/GitHub/TRABAJO_VHDL/TRABAJO.srcs/sources_1/new/EDGEDTCTR.vhd:10]
INFO: [Synth 8-256] done synthesizing module 'EDGEDTCTR' (0#1) [C:/Users/yagob/Documents/GitHub/TRABAJO_VHDL/TRABAJO.srcs/sources_1/new/EDGEDTCTR.vhd:10]
INFO: [Synth 8-3491] module 'SEMAFORO' declared at 'C:/Users/yagob/Documents/GitHub/TRABAJO_VHDL/TRABAJO.srcs/sources_1/new/SEMAFORO.vhd:24' bound to instance 'Inst_P3' of component 'SEMAFORO' [C:/Users/yagob/Documents/GitHub/TRABAJO_VHDL/TRABAJO.srcs/sources_1/new/top.vhd:65]
INFO: [Synth 8-638] synthesizing module 'SEMAFORO' [C:/Users/yagob/Documents/GitHub/TRABAJO_VHDL/TRABAJO.srcs/sources_1/new/SEMAFORO.vhd:35]
WARNING: [Synth 8-614] signal 'CLK2' is read in the process but is not in the sensitivity list [C:/Users/yagob/Documents/GitHub/TRABAJO_VHDL/TRABAJO.srcs/sources_1/new/SEMAFORO.vhd:41]
WARNING: [Synth 8-614] signal 'k' is read in the process but is not in the sensitivity list [C:/Users/yagob/Documents/GitHub/TRABAJO_VHDL/TRABAJO.srcs/sources_1/new/SEMAFORO.vhd:54]
INFO: [Synth 8-256] done synthesizing module 'SEMAFORO' (0#1) [C:/Users/yagob/Documents/GitHub/TRABAJO_VHDL/TRABAJO.srcs/sources_1/new/SEMAFORO.vhd:35]
INFO: [Synth 8-256] done synthesizing module 'top' (0#1) [C:/Users/yagob/Documents/GitHub/TRABAJO_VHDL/TRABAJO.srcs/sources_1/new/top.vhd:18]
---------------------------------------------------------------------------------
Finished RTL Elaboration : Time (s): cpu = 00:00:08 ; elapsed = 00:00:08 . Memory (MB): peak = 1986.926 ; gain = 476.801
---------------------------------------------------------------------------------
---------------------------------------------------------------------------------
Start Handling Custom Attributes
---------------------------------------------------------------------------------
---------------------------------------------------------------------------------
Finished Handling Custom Attributes : Time (s): cpu = 00:00:08 ; elapsed = 00:00:08 . Memory (MB): peak = 1986.926 ; gain = 476.801
---------------------------------------------------------------------------------
---------------------------------------------------------------------------------
Finished RTL Optimization Phase 1 : Time (s): cpu = 00:00:08 ; elapsed = 00:00:08 . Memory (MB): peak = 1986.926 ; gain = 476.801
---------------------------------------------------------------------------------
Netlist sorting complete. Time (s): cpu = 00:00:00 ; elapsed = 00:00:00.001 . Memory (MB): peak = 1986.926 ; gain = 0.000
INFO: [Project 1-570] Preparing netlist for logic optimization

Processing XDC Constraints
Initializing timing engine
Parsing XDC File [C:/Users/yagob/Documents/GitHub/TRABAJO_VHDL/TRABAJO.srcs/constrs_1/imports/digilent-xdc-master/Nexys-4-DDR-Master.xdc]
CRITICAL WARNING: [Common 17-170] Unknown option '-clk', please type 'create_clock -help' for usage info. [C:/Users/yagob/Documents/GitHub/TRABAJO_VHDL/TRABAJO.srcs/constrs_1/imports/digilent-xdc-master/Nexys-4-DDR-Master.xdc:8]
WARNING: [Vivado 12-584] No ports matched 'LED[0]'. [C:/Users/yagob/Documents/GitHub/TRABAJO_VHDL/TRABAJO.srcs/constrs_1/imports/digilent-xdc-master/Nexys-4-DDR-Master.xdc:33]
CRITICAL WARNING: [Common 17-55] 'set_property' expects at least one object. [C:/Users/yagob/Documents/GitHub/TRABAJO_VHDL/TRABAJO.srcs/constrs_1/imports/digilent-xdc-master/Nexys-4-DDR-Master.xdc:33]
Resolution: If [get_<value>] was used to populate the object, check to make sure this command returns at least one valid object.
WARNING: [Vivado 12-584] No ports matched 'LED[1]'. [C:/Users/yagob/Documents/GitHub/TRABAJO_VHDL/TRABAJO.srcs/constrs_1/imports/digilent-xdc-master/Nexys-4-DDR-Master.xdc:34]
CRITICAL WARNING: [Common 17-55] 'set_property' expects at least one object. [C:/Users/yagob/Documents/GitHub/TRABAJO_VHDL/TRABAJO.srcs/constrs_1/imports/digilent-xdc-master/Nexys-4-DDR-Master.xdc:34]
Resolution: If [get_<value>] was used to populate the object, check to make sure this command returns at least one valid object.
WARNING: [Vivado 12-584] No ports matched 'LED[2]'. [C:/Users/yagob/Documents/GitHub/TRABAJO_VHDL/TRABAJO.srcs/constrs_1/imports/digilent-xdc-master/Nexys-4-DDR-Master.xdc:35]
CRITICAL WARNING: [Common 17-55] 'set_property' expects at least one object. [C:/Users/yagob/Documents/GitHub/TRABAJO_VHDL/TRABAJO.srcs/constrs_1/imports/digilent-xdc-master/Nexys-4-DDR-Master.xdc:35]
Resolution: If [get_<value>] was used to populate the object, check to make sure this command returns at least one valid object.
WARNING: [Vivado 12-584] No ports matched 'LED[3]'. [C:/Users/yagob/Documents/GitHub/TRABAJO_VHDL/TRABAJO.srcs/constrs_1/imports/digilent-xdc-master/Nexys-4-DDR-Master.xdc:36]
CRITICAL WARNING: [Common 17-55] 'set_property' expects at least one object. [C:/Users/yagob/Documents/GitHub/TRABAJO_VHDL/TRABAJO.srcs/constrs_1/imports/digilent-xdc-master/Nexys-4-DDR-Master.xdc:36]
Resolution: If [get_<value>] was used to populate the object, check to make sure this command returns at least one valid object.
WARNING: [Vivado 12-584] No ports matched 'BTN'. [C:/Users/yagob/Documents/GitHub/TRABAJO_VHDL/TRABAJO.srcs/constrs_1/imports/digilent-xdc-master/Nexys-4-DDR-Master.xdc:88]
CRITICAL WARNING: [Common 17-55] 'set_property' expects at least one object. [C:/Users/yagob/Documents/GitHub/TRABAJO_VHDL/TRABAJO.srcs/constrs_1/imports/digilent-xdc-master/Nexys-4-DDR-Master.xdc:88]
Resolution: If [get_<value>] was used to populate the object, check to make sure this command returns at least one valid object.
Finished Parsing XDC File [C:/Users/yagob/Documents/GitHub/TRABAJO_VHDL/TRABAJO.srcs/constrs_1/imports/digilent-xdc-master/Nexys-4-DDR-Master.xdc]
Completed Processing XDC Constraints

Netlist sorting complete. Time (s): cpu = 00:00:00 ; elapsed = 00:00:00 . Memory (MB): peak = 2034.785 ; gain = 0.000
INFO: [Project 1-111] Unisim Transformation Summary:
No Unisim elements were transformed.

RTL Elaboration Complete:  : Time (s): cpu = 00:00:19 ; elapsed = 00:00:13 . Memory (MB): peak = 2091.070 ; gain = 580.945
15 Infos, 7 Warnings, 6 Critical Warnings and 0 Errors encountered.
synth_design completed successfully
synth_design: Time (s): cpu = 00:00:23 ; elapsed = 00:00:19 . Memory (MB): peak = 2091.070 ; gain = 949.758
reset_run synth_1
INFO: [Project 1-1161] Replacing file C:/Users/yagob/Documents/GitHub/TRABAJO_VHDL/TRABAJO.srcs/utils_1/imports/synth_1/Practica_3.dcp with file C:/Users/yagob/Documents/GitHub/TRABAJO_VHDL/TRABAJO.runs/synth_1/top.dcp
launch_runs synth_1 -jobs 4
[Wed Dec 14 19:33:08 2022] Launched synth_1...
Run output will be captured here: C:/Users/yagob/Documents/GitHub/TRABAJO_VHDL/TRABAJO.runs/synth_1/runme.log
launch_runs impl_1 -jobs 4
[Wed Dec 14 19:34:14 2022] Launched impl_1...
Run output will be captured here: C:/Users/yagob/Documents/GitHub/TRABAJO_VHDL/TRABAJO.runs/impl_1/runme.log
close_design
open_run synth_1 -name synth_1
Design is defaulting to impl run constrset: constrs_1
Design is defaulting to synth run part: xc7a100tcsg324-1
Netlist sorting complete. Time (s): cpu = 00:00:00 ; elapsed = 00:00:00.001 . Memory (MB): peak = 2107.352 ; gain = 0.000
INFO: [Netlist 29-17] Analyzing 8 Unisim elements for replacement
INFO: [Netlist 29-28] Unisim Transformation completed in 0 CPU seconds
INFO: [Project 1-479] Netlist was created with Vivado 2022.2
INFO: [Project 1-570] Preparing netlist for logic optimization
Parsing XDC File [C:/Users/yagob/Documents/GitHub/TRABAJO_VHDL/TRABAJO.srcs/constrs_1/imports/digilent-xdc-master/Nexys-4-DDR-Master.xdc]
CRITICAL WARNING: [Common 17-170] Unknown option '-clk', please type 'create_clock -help' for usage info. [C:/Users/yagob/Documents/GitHub/TRABAJO_VHDL/TRABAJO.srcs/constrs_1/imports/digilent-xdc-master/Nexys-4-DDR-Master.xdc:8]
WARNING: [Vivado 12-584] No ports matched 'LED[0]'. [C:/Users/yagob/Documents/GitHub/TRABAJO_VHDL/TRABAJO.srcs/constrs_1/imports/digilent-xdc-master/Nexys-4-DDR-Master.xdc:33]
CRITICAL WARNING: [Common 17-55] 'set_property' expects at least one object. [C:/Users/yagob/Documents/GitHub/TRABAJO_VHDL/TRABAJO.srcs/constrs_1/imports/digilent-xdc-master/Nexys-4-DDR-Master.xdc:33]
Resolution: If [get_<value>] was used to populate the object, check to make sure this command returns at least one valid object.
WARNING: [Vivado 12-584] No ports matched 'LED[1]'. [C:/Users/yagob/Documents/GitHub/TRABAJO_VHDL/TRABAJO.srcs/constrs_1/imports/digilent-xdc-master/Nexys-4-DDR-Master.xdc:34]
CRITICAL WARNING: [Common 17-55] 'set_property' expects at least one object. [C:/Users/yagob/Documents/GitHub/TRABAJO_VHDL/TRABAJO.srcs/constrs_1/imports/digilent-xdc-master/Nexys-4-DDR-Master.xdc:34]
Resolution: If [get_<value>] was used to populate the object, check to make sure this command returns at least one valid object.
WARNING: [Vivado 12-584] No ports matched 'LED[2]'. [C:/Users/yagob/Documents/GitHub/TRABAJO_VHDL/TRABAJO.srcs/constrs_1/imports/digilent-xdc-master/Nexys-4-DDR-Master.xdc:35]
CRITICAL WARNING: [Common 17-55] 'set_property' expects at least one object. [C:/Users/yagob/Documents/GitHub/TRABAJO_VHDL/TRABAJO.srcs/constrs_1/imports/digilent-xdc-master/Nexys-4-DDR-Master.xdc:35]
Resolution: If [get_<value>] was used to populate the object, check to make sure this command returns at least one valid object.
WARNING: [Vivado 12-584] No ports matched 'LED[3]'. [C:/Users/yagob/Documents/GitHub/TRABAJO_VHDL/TRABAJO.srcs/constrs_1/imports/digilent-xdc-master/Nexys-4-DDR-Master.xdc:36]
CRITICAL WARNING: [Common 17-55] 'set_property' expects at least one object. [C:/Users/yagob/Documents/GitHub/TRABAJO_VHDL/TRABAJO.srcs/constrs_1/imports/digilent-xdc-master/Nexys-4-DDR-Master.xdc:36]
Resolution: If [get_<value>] was used to populate the object, check to make sure this command returns at least one valid object.
WARNING: [Vivado 12-584] No ports matched 'BTN'. [C:/Users/yagob/Documents/GitHub/TRABAJO_VHDL/TRABAJO.srcs/constrs_1/imports/digilent-xdc-master/Nexys-4-DDR-Master.xdc:88]
CRITICAL WARNING: [Common 17-55] 'set_property' expects at least one object. [C:/Users/yagob/Documents/GitHub/TRABAJO_VHDL/TRABAJO.srcs/constrs_1/imports/digilent-xdc-master/Nexys-4-DDR-Master.xdc:88]
Resolution: If [get_<value>] was used to populate the object, check to make sure this command returns at least one valid object.
Finished Parsing XDC File [C:/Users/yagob/Documents/GitHub/TRABAJO_VHDL/TRABAJO.srcs/constrs_1/imports/digilent-xdc-master/Nexys-4-DDR-Master.xdc]
INFO: [Opt 31-138] Pushed 0 inverter(s) to 0 load pin(s).
Netlist sorting complete. Time (s): cpu = 00:00:00 ; elapsed = 00:00:00 . Memory (MB): peak = 2107.352 ; gain = 0.000
INFO: [Project 1-111] Unisim Transformation Summary:
No Unisim elements were transformed.

reset_run synth_1
INFO: [Project 1-1161] Replacing file C:/Users/yagob/Documents/GitHub/TRABAJO_VHDL/TRABAJO.srcs/utils_1/imports/synth_1/Practica_3.dcp with file C:/Users/yagob/Documents/GitHub/TRABAJO_VHDL/TRABAJO.runs/synth_1/top.dcp
launch_runs synth_1 -jobs 4
[Wed Dec 14 19:38:35 2022] Launched synth_1...
Run output will be captured here: C:/Users/yagob/Documents/GitHub/TRABAJO_VHDL/TRABAJO.runs/synth_1/runme.log
reset_run synth_1
INFO: [Project 1-1161] Replacing file C:/Users/yagob/Documents/GitHub/TRABAJO_VHDL/TRABAJO.srcs/utils_1/imports/synth_1/Practica_3.dcp with file C:/Users/yagob/Documents/GitHub/TRABAJO_VHDL/TRABAJO.runs/synth_1/top.dcp
launch_runs synth_1 -jobs 4
[Wed Dec 14 19:43:37 2022] Launched synth_1...
Run output will be captured here: C:/Users/yagob/Documents/GitHub/TRABAJO_VHDL/TRABAJO.runs/synth_1/runme.log
reset_run synth_1
INFO: [Project 1-1161] Replacing file C:/Users/yagob/Documents/GitHub/TRABAJO_VHDL/TRABAJO.srcs/utils_1/imports/synth_1/Practica_3.dcp with file C:/Users/yagob/Documents/GitHub/TRABAJO_VHDL/TRABAJO.runs/synth_1/top.dcp
launch_runs synth_1 -jobs 4
[Wed Dec 14 19:45:20 2022] Launched synth_1...
Run output will be captured here: C:/Users/yagob/Documents/GitHub/TRABAJO_VHDL/TRABAJO.runs/synth_1/runme.log
reset_run synth_1
INFO: [Project 1-1161] Replacing file C:/Users/yagob/Documents/GitHub/TRABAJO_VHDL/TRABAJO.srcs/utils_1/imports/synth_1/Practica_3.dcp with file C:/Users/yagob/Documents/GitHub/TRABAJO_VHDL/TRABAJO.runs/synth_1/top.dcp
launch_runs synth_1 -jobs 4
[Wed Dec 14 19:46:38 2022] Launched synth_1...
Run output will be captured here: C:/Users/yagob/Documents/GitHub/TRABAJO_VHDL/TRABAJO.runs/synth_1/runme.log
launch_runs impl_1 -jobs 4
WARNING: [Project 1-478] Design 'synth_1' is stale and will not be used when launching 'impl_1'
[Wed Dec 14 19:49:04 2022] Launched impl_1...
Run output will be captured here: C:/Users/yagob/Documents/GitHub/TRABAJO_VHDL/TRABAJO.runs/impl_1/runme.log
reset_run synth_1
INFO: [Project 1-1161] Replacing file C:/Users/yagob/Documents/GitHub/TRABAJO_VHDL/TRABAJO.srcs/utils_1/imports/synth_1/Practica_3.dcp with file C:/Users/yagob/Documents/GitHub/TRABAJO_VHDL/TRABAJO.runs/synth_1/top.dcp
launch_runs synth_1 -jobs 4
[Wed Dec 14 19:57:49 2022] Launched synth_1...
Run output will be captured here: C:/Users/yagob/Documents/GitHub/TRABAJO_VHDL/TRABAJO.runs/synth_1/runme.log
launch_runs impl_1 -jobs 4
WARNING: [Project 1-478] Design 'synth_1' is stale and will not be used when launching 'impl_1'
[Wed Dec 14 19:59:34 2022] Launched impl_1...
Run output will be captured here: C:/Users/yagob/Documents/GitHub/TRABAJO_VHDL/TRABAJO.runs/impl_1/runme.log
exit
INFO: [Common 17-206] Exiting Vivado at Wed Dec 14 20:03:14 2022...
