#-----------------------------------------------------------
# Vivado v2022.2 (64-bit)
# SW Build 3671981 on Fri Oct 14 05:00:03 MDT 2022
# IP Build 3669848 on Fri Oct 14 08:30:02 MDT 2022
# Start of session at: Fri Jun 16 14:56:25 2023
# Process ID: 3320
# Current directory: C:/Users/yagob/Documents/GitHub/TRABAJO_VHDL/TRABAJO_V1
# Command line: vivado.exe -gui_launcher_event rodinguilauncherevent13936 C:\Users\yagob\Documents\GitHub\TRABAJO_VHDL\TRABAJO_V1\project_1.xpr
# Log file: C:/Users/yagob/Documents/GitHub/TRABAJO_VHDL/TRABAJO_V1/vivado.log
# Journal file: C:/Users/yagob/Documents/GitHub/TRABAJO_VHDL/TRABAJO_V1\vivado.jou
# Running On: DESKTOP-F1T6GG3, OS: Windows, CPU Frequency: 1992 MHz, CPU Physical cores: 4, Host memory: 8464 MB
#-----------------------------------------------------------
start_gui
open_project C:/Users/yagob/Documents/GitHub/TRABAJO_VHDL/TRABAJO_V1/project_1.xpr
WARNING: [Board 49-26] cannot add Board Part digilentinc.com:arty-z7-10:part0:1.1 available at C:/Xilinx/Vivado/2022.2/data/boards/board_files/arty-z7-10/A.0/board.xml as part xc7z010clg400-1 specified in board_part file is either invalid or not available
WARNING: [Board 49-26] cannot add Board Part digilentinc.com:arty-z7-20:part0:1.1 available at C:/Xilinx/Vivado/2022.2/data/boards/board_files/arty-z7-20/A.0/board.xml as part xc7z020clg400-1 specified in board_part file is either invalid or not available
WARNING: [Board 49-26] cannot add Board Part digilentinc.com:cora-z7-07s:part0:1.1 available at C:/Xilinx/Vivado/2022.2/data/boards/board_files/cora-z7-07s/B.0/board.xml as part xc7z007sclg400-1 specified in board_part file is either invalid or not available
WARNING: [Board 49-26] cannot add Board Part digilentinc.com:cora-z7-10:part0:1.1 available at C:/Xilinx/Vivado/2022.2/data/boards/board_files/cora-z7-10/B.0/board.xml as part xc7z010clg400-1 specified in board_part file is either invalid or not available
WARNING: [Board 49-26] cannot add Board Part digilentinc.com:eclypse-z7:part0:1.0 available at C:/Xilinx/Vivado/2022.2/data/boards/board_files/eclypse-z7/A.0/board.xml as part xc7z020clg484-1 specified in board_part file is either invalid or not available
WARNING: [Board 49-26] cannot add Board Part digilentinc.com:eclypse-z7:part0:1.1 available at C:/Xilinx/Vivado/2022.2/data/boards/board_files/eclypse-z7/B.0/board.xml as part xc7z020clg484-1 specified in board_part file is either invalid or not available
WARNING: [Board 49-26] cannot add Board Part digilentinc.com:genesys2:part0:1.1 available at C:/Xilinx/Vivado/2022.2/data/boards/board_files/genesys2/H/board.xml as part xc7k325tffg900-2 specified in board_part file is either invalid or not available
WARNING: [Board 49-26] cannot add Board Part digilentinc.com:gzu_3eg:part0:1.0 available at C:/Xilinx/Vivado/2022.2/data/boards/board_files/genesys-zu-3eg/B.0/board.xml as part xczu3eg-sfvc784-1-e specified in board_part file is either invalid or not available
WARNING: [Board 49-26] cannot add Board Part digilentinc.com:gzu_3eg:part0:1.1 available at C:/Xilinx/Vivado/2022.2/data/boards/board_files/genesys-zu-3eg/D.0/board.xml as part xczu3eg-sfvc784-1-e specified in board_part file is either invalid or not available
WARNING: [Board 49-26] cannot add Board Part digilentinc.com:gzu_5ev:part0:1.1 available at C:/Xilinx/Vivado/2022.2/data/boards/board_files/genesys-zu-5ev/C.0/board.xml as part xczu5ev-sfvc784-1-e specified in board_part file is either invalid or not available
WARNING: [Board 49-26] cannot add Board Part digilentinc.com:sword:part0:1.0 available at C:/Xilinx/Vivado/2022.2/data/boards/board_files/sword/C.0/board.xml as part xc7k325tffg900-2 specified in board_part file is either invalid or not available
WARNING: [Board 49-26] cannot add Board Part digilentinc.com:zedboard:part0:1.1 available at C:/Xilinx/Vivado/2022.2/data/boards/board_files/zedboard/1.3/board.xml as part xc7z020clg484-1 specified in board_part file is either invalid or not available
WARNING: [Board 49-26] cannot add Board Part digilentinc.com:zybo-z7-10:part0:1.1 available at C:/Xilinx/Vivado/2022.2/data/boards/board_files/zybo-z7-10/A.0/board.xml as part xc7z010clg400-1 specified in board_part file is either invalid or not available
WARNING: [Board 49-26] cannot add Board Part digilentinc.com:zybo-z7-20:part0:1.1 available at C:/Xilinx/Vivado/2022.2/data/boards/board_files/zybo-z7-20/A.0/board.xml as part xc7z020clg400-1 specified in board_part file is either invalid or not available
WARNING: [Board 49-26] cannot add Board Part digilentinc.com:zybo:part0:1.0 available at C:/Xilinx/Vivado/2022.2/data/boards/board_files/zybo/B.3/board.xml as part xc7z010clg400-1 specified in board_part file is either invalid or not available
WARNING: [Board 49-26] cannot add Board Part digilentinc.com:zybo:part0:2.0 available at C:/Xilinx/Vivado/2022.2/data/boards/board_files/zybo/B.4/board.xml as part xc7z010clg400-1 specified in board_part file is either invalid or not available
WARNING: [Board 49-26] cannot add Board Part xilinx.com:k26c:part0:1.2 available at C:/Xilinx/Vivado/2022.2/data/xhub/boards/XilinxBoardStore/boards/Xilinx/k26c/1.2/board.xml as part xck26-sfvc784-2lv-c specified in board_part file is either invalid or not available
WARNING: [Board 49-26] cannot add Board Part xilinx.com:k26c:part0:1.3 available at C:/Xilinx/Vivado/2022.2/data/xhub/boards/XilinxBoardStore/boards/Xilinx/k26c/1.3/board.xml as part xck26-sfvc784-2lv-c specified in board_part file is either invalid or not available
WARNING: [Board 49-26] cannot add Board Part xilinx.com:k26c:part0:1.4 available at C:/Xilinx/Vivado/2022.2/data/xhub/boards/XilinxBoardStore/boards/Xilinx/k26c/1.4/board.xml as part xck26-sfvc784-2lv-c specified in board_part file is either invalid or not available
WARNING: [Board 49-26] cannot add Board Part xilinx.com:k26i:part0:1.2 available at C:/Xilinx/Vivado/2022.2/data/xhub/boards/XilinxBoardStore/boards/Xilinx/k26i/1.2/board.xml as part xck26-sfvc784-2lvi-i specified in board_part file is either invalid or not available
WARNING: [Board 49-26] cannot add Board Part xilinx.com:k26i:part0:1.3 available at C:/Xilinx/Vivado/2022.2/data/xhub/boards/XilinxBoardStore/boards/Xilinx/k26i/1.3/board.xml as part xck26-sfvc784-2lvi-i specified in board_part file is either invalid or not available
WARNING: [Board 49-26] cannot add Board Part xilinx.com:k26i:part0:1.4 available at C:/Xilinx/Vivado/2022.2/data/xhub/boards/XilinxBoardStore/boards/Xilinx/k26i/1.4/board.xml as part xck26-sfvc784-2lvi-i specified in board_part file is either invalid or not available
WARNING: [Board 49-26] cannot add Board Part xilinx.com:kc705:part0:1.6 available at C:/Xilinx/Vivado/2022.2/data/xhub/boards/XilinxBoardStore/boards/Xilinx/kc705/1.6/board.xml as part xc7k325tffg900-2 specified in board_part file is either invalid or not available
WARNING: [Board 49-26] cannot add Board Part xilinx.com:kcu105:part0:1.6 available at C:/Xilinx/Vivado/2022.2/data/xhub/boards/XilinxBoardStore/boards/Xilinx/kcu105/1.6/board.xml as part xcku040-ffva1156-2-e specified in board_part file is either invalid or not available
WARNING: [Board 49-26] cannot add Board Part xilinx.com:kcu105:part0:1.7 available at C:/Xilinx/Vivado/2022.2/data/xhub/boards/XilinxBoardStore/boards/Xilinx/kcu105/1.7/board.xml as part xcku040-ffva1156-2-e specified in board_part file is either invalid or not available
WARNING: [Board 49-26] cannot add Board Part xilinx.com:kcu116:part0:1.4 available at C:/Xilinx/Vivado/2022.2/data/xhub/boards/XilinxBoardStore/boards/Xilinx/kcu116/1.4/board.xml as part xcku5p-ffvb676-2-e specified in board_part file is either invalid or not available
WARNING: [Board 49-26] cannot add Board Part xilinx.com:kcu116:part0:1.5 available at C:/Xilinx/Vivado/2022.2/data/xhub/boards/XilinxBoardStore/boards/Xilinx/kcu116/1.5/board.xml as part xcku5p-ffvb676-2-e specified in board_part file is either invalid or not available
WARNING: [Board 49-26] cannot add Board Part xilinx.com:kcu1500:part0:1.2 available at C:/Xilinx/Vivado/2022.2/data/xhub/boards/XilinxBoardStore/boards/Xilinx/kcu1500/1.2/board.xml as part xcku115-flvb2104-2-e specified in board_part file is either invalid or not available
WARNING: [Board 49-26] cannot add Board Part xilinx.com:kr260_som:part0:1.0 available at C:/Xilinx/Vivado/2022.2/data/xhub/boards/XilinxBoardStore/boards/Xilinx/kr260_som/1.0/board.xml as part xck26-sfvc784-2lv-c specified in board_part file is either invalid or not available
WARNING: [Board 49-26] cannot add Board Part xilinx.com:kr260_som:part0:1.1 available at C:/Xilinx/Vivado/2022.2/data/xhub/boards/XilinxBoardStore/boards/Xilinx/kr260_som/1.1/board.xml as part xck26-sfvc784-2lv-c specified in board_part file is either invalid or not available
WARNING: [Board 49-26] cannot add Board Part xilinx.com:kv260_som:part0:1.2 available at C:/Xilinx/Vivado/2022.2/data/xhub/boards/XilinxBoardStore/boards/Xilinx/kv260_som/1.2/board.xml as part xck26-sfvc784-2lv-c specified in board_part file is either invalid or not available
WARNING: [Board 49-26] cannot add Board Part xilinx.com:kv260_som:part0:1.3 available at C:/Xilinx/Vivado/2022.2/data/xhub/boards/XilinxBoardStore/boards/Xilinx/kv260_som/1.3/board.xml as part xck26-sfvc784-2lv-c specified in board_part file is either invalid or not available
WARNING: [Board 49-26] cannot add Board Part xilinx.com:kv260_som:part0:1.4 available at C:/Xilinx/Vivado/2022.2/data/xhub/boards/XilinxBoardStore/boards/Xilinx/kv260_som/1.4/board.xml as part xck26-sfvc784-2lv-c specified in board_part file is either invalid or not available
WARNING: [Board 49-26] cannot add Board Part xilinx.com:vc707:part0:1.4 available at C:/Xilinx/Vivado/2022.2/data/xhub/boards/XilinxBoardStore/boards/Xilinx/vc707/1.4/board.xml as part xc7vx485tffg1761-2 specified in board_part file is either invalid or not available
WARNING: [Board 49-26] cannot add Board Part xilinx.com:vc709:part0:1.8 available at C:/Xilinx/Vivado/2022.2/data/xhub/boards/XilinxBoardStore/boards/Xilinx/vc709/1.8/board.xml as part xc7vx690tffg1761-2 specified in board_part file is either invalid or not available
WARNING: [Board 49-26] cannot add Board Part xilinx.com:vck190:part0:2.2 available at C:/Xilinx/Vivado/2022.2/data/xhub/boards/XilinxBoardStore/boards/Xilinx/vck190/production/2.2/board.xml as part xcvc1902-vsva2197-2mp-e-s specified in board_part file is either invalid or not available
WARNING: [Board 49-26] cannot add Board Part xilinx.com:vck190:part0:3.0 available at C:/Xilinx/Vivado/2022.2/data/xhub/boards/XilinxBoardStore/boards/Xilinx/vck190/production/3.0/board.xml as part xcvc1902-vsva2197-2mp-e-s specified in board_part file is either invalid or not available
WARNING: [Board 49-26] cannot add Board Part xilinx.com:vck190:part0:3.1 available at C:/Xilinx/Vivado/2022.2/data/xhub/boards/XilinxBoardStore/boards/Xilinx/vck190/production/3.1/board.xml as part xcvc1902-vsva2197-2mp-e-s specified in board_part file is either invalid or not available
WARNING: [Board 49-26] cannot add Board Part xilinx.com:vck190_newl:part0:1.0 available at C:/Xilinx/Vivado/2022.2/data/xhub/boards/XilinxBoardStore/boards/Xilinx/vck190_newl/production/1.0/board.xml as part xcvc1902-vsva2197-2mp-e-s specified in board_part file is either invalid or not available
WARNING: [Board 49-26] cannot add Board Part xilinx.com:vcu108:part0:1.6 available at C:/Xilinx/Vivado/2022.2/data/xhub/boards/XilinxBoardStore/boards/Xilinx/vcu108/1.6/board.xml as part xcvu095-ffva2104-2-e specified in board_part file is either invalid or not available
WARNING: [Board 49-26] cannot add Board Part xilinx.com:vcu108:part0:1.7 available at C:/Xilinx/Vivado/2022.2/data/xhub/boards/XilinxBoardStore/boards/Xilinx/vcu108/1.7/board.xml as part xcvu095-ffva2104-2-e specified in board_part file is either invalid or not available
WARNING: [Board 49-26] cannot add Board Part xilinx.com:vcu110:part0:1.4 available at C:/Xilinx/Vivado/2022.2/data/xhub/boards/XilinxBoardStore/boards/Xilinx/vcu110/1.4/board.xml as part xcvu190-flgc2104-2-e specified in board_part file is either invalid or not available
WARNING: [Board 49-26] cannot add Board Part xilinx.com:vcu118:part0:2.0 available at C:/Xilinx/Vivado/2022.2/data/xhub/boards/XilinxBoardStore/boards/Xilinx/vcu118/2.0/board.xml as part xcvu9p-flga2104-2l-e specified in board_part file is either invalid or not available
WARNING: [Board 49-26] cannot add Board Part xilinx.com:vcu118:part0:2.3 available at C:/Xilinx/Vivado/2022.2/data/xhub/boards/XilinxBoardStore/boards/Xilinx/vcu118/2.3/board.xml as part xcvu9p-flga2104-2l-e specified in board_part file is either invalid or not available
WARNING: [Board 49-26] cannot add Board Part xilinx.com:vcu118:part0:2.4 available at C:/Xilinx/Vivado/2022.2/data/xhub/boards/XilinxBoardStore/boards/Xilinx/vcu118/2.4/board.xml as part xcvu9p-flga2104-2l-e specified in board_part file is either invalid or not available
WARNING: [Board 49-26] cannot add Board Part xilinx.com:vcu128:part0:1.0 available at C:/Xilinx/Vivado/2022.2/data/xhub/boards/XilinxBoardStore/boards/Xilinx/vcu128/production/1.0/board.xml as part xcvu37p-fsvh2892-2l-e specified in board_part file is either invalid or not available
WARNING: [Board 49-26] cannot add Board Part xilinx.com:vcu129:part0:1.0 available at C:/Xilinx/Vivado/2022.2/data/xhub/boards/XilinxBoardStore/boards/Xilinx/vcu129/production/1.0/board.xml as part xcvu29p-fsga2577-2l-e specified in board_part file is either invalid or not available
WARNING: [Board 49-26] cannot add Board Part xilinx.com:vcu1525:part0:1.3 available at C:/Xilinx/Vivado/2022.2/data/xhub/boards/XilinxBoardStore/boards/Xilinx/vcu1525/1.3/board.xml as part xcvu9p-fsgd2104-2l-e specified in board_part file is either invalid or not available
WARNING: [Board 49-26] cannot add Board Part xilinx.com:vek280_es:part0:1.0 available at C:/Xilinx/Vivado/2022.2/data/xhub/boards/XilinxBoardStore/boards/Xilinx/vek280/es/1.0/board.xml as part xcve2802-vsvh1760-2lp-e-s-es1 specified in board_part file is either invalid or not available
WARNING: [Board 49-26] cannot add Board Part xilinx.com:vermeo_t1_mpsoc:part0:1.0 available at C:/Xilinx/Vivado/2022.2/data/xhub/boards/XilinxBoardStore/boards/Xilinx/vermeo_t1_mpsoc/1.0/board.xml as part xczu19eg-ffvd1760-2l-e specified in board_part file is either invalid or not available
WARNING: [Board 49-26] cannot add Board Part xilinx.com:vermeo_t1_rfsoc:part0:1.0 available at C:/Xilinx/Vivado/2022.2/data/xhub/boards/XilinxBoardStore/boards/Xilinx/vermeo_t1_rfsoc/1.0/board.xml as part xczu21dr-ffvd1156-2l-e specified in board_part file is either invalid or not available
WARNING: [Board 49-26] cannot add Board Part xilinx.com:vhk158_es:part0:1.0 available at C:/Xilinx/Vivado/2022.2/data/xhub/boards/XilinxBoardStore/boards/Xilinx/vhk158/es/1.0/board.xml as part xcvh1582-vsva3697-2mp-e-s-es1 specified in board_part file is either invalid or not available
WARNING: [Board 49-26] cannot add Board Part xilinx.com:vmk180:part0:2.2 available at C:/Xilinx/Vivado/2022.2/data/xhub/boards/XilinxBoardStore/boards/Xilinx/vmk180/production/2.2/board.xml as part xcvm1802-vsva2197-2mp-e-s specified in board_part file is either invalid or not available
WARNING: [Board 49-26] cannot add Board Part xilinx.com:vmk180:part0:3.0 available at C:/Xilinx/Vivado/2022.2/data/xhub/boards/XilinxBoardStore/boards/Xilinx/vmk180/production/3.0/board.xml as part xcvm1802-vsva2197-2mp-e-s specified in board_part file is either invalid or not available
WARNING: [Board 49-26] cannot add Board Part xilinx.com:vmk180:part0:3.1 available at C:/Xilinx/Vivado/2022.2/data/xhub/boards/XilinxBoardStore/boards/Xilinx/vmk180/production/3.1/board.xml as part xcvm1802-vsva2197-2mp-e-s specified in board_part file is either invalid or not available
WARNING: [Board 49-26] cannot add Board Part xilinx.com:vmk180_newl:part0:1.0 available at C:/Xilinx/Vivado/2022.2/data/xhub/boards/XilinxBoardStore/boards/Xilinx/vmk180_newl/production/1.0/board.xml as part xcvm1802-vsva2197-2mp-e-s specified in board_part file is either invalid or not available
WARNING: [Board 49-26] cannot add Board Part xilinx.com:vpk120:part0:1.0 available at C:/Xilinx/Vivado/2022.2/data/xhub/boards/XilinxBoardStore/boards/Xilinx/vpk120/production/1.0/board.xml as part xcvp1202-vsva2785-2mp-e-s specified in board_part file is either invalid or not available
WARNING: [Board 49-26] cannot add Board Part xilinx.com:vpk120_es:part0:1.2 available at C:/Xilinx/Vivado/2022.2/data/xhub/boards/XilinxBoardStore/boards/Xilinx/vpk120/es/1.2/board.xml as part xcvp1202-vsva2785-2mp-e-s-es1 specified in board_part file is either invalid or not available
WARNING: [Board 49-26] cannot add Board Part xilinx.com:vpk120_es_revb:part0:1.0 available at C:/Xilinx/Vivado/2022.2/data/xhub/boards/XilinxBoardStore/boards/Xilinx/vpk120_revb/es/1.0/board.xml as part xcvp1202-vsva2785-2mp-e-s-es1 specified in board_part file is either invalid or not available
WARNING: [Board 49-26] cannot add Board Part xilinx.com:vpk180_es:part0:1.0 available at C:/Xilinx/Vivado/2022.2/data/xhub/boards/XilinxBoardStore/boards/Xilinx/vpk180/es/1.0/board.xml as part xcvp1802-lsvc4072-2mp-e-s-es1 specified in board_part file is either invalid or not available
WARNING: [Board 49-26] cannot add Board Part xilinx.com:zc702:part0:1.4 available at C:/Xilinx/Vivado/2022.2/data/xhub/boards/XilinxBoardStore/boards/Xilinx/zc702/1.4/board.xml as part xc7z020clg484-1 specified in board_part file is either invalid or not available
WARNING: [Board 49-26] cannot add Board Part xilinx.com:zc706:part0:1.4 available at C:/Xilinx/Vivado/2022.2/data/xhub/boards/XilinxBoardStore/boards/Xilinx/zc706/1.4/board.xml as part xc7z045ffg900-2 specified in board_part file is either invalid or not available
WARNING: [Board 49-26] cannot add Board Part xilinx.com:zcu102:part0:3.3 available at C:/Xilinx/Vivado/2022.2/data/xhub/boards/XilinxBoardStore/boards/Xilinx/zcu102/3.3/board.xml as part xczu9eg-ffvb1156-2-e specified in board_part file is either invalid or not available
WARNING: [Board 49-26] cannot add Board Part xilinx.com:zcu102:part0:3.4 available at C:/Xilinx/Vivado/2022.2/data/xhub/boards/XilinxBoardStore/boards/Xilinx/zcu102/3.4/board.xml as part xczu9eg-ffvb1156-2-e specified in board_part file is either invalid or not available
WARNING: [Board 49-26] cannot add Board Part xilinx.com:zcu104:part0:1.1 available at C:/Xilinx/Vivado/2022.2/data/xhub/boards/XilinxBoardStore/boards/Xilinx/zcu104/1.1/board.xml as part xczu7ev-ffvc1156-2-e specified in board_part file is either invalid or not available
WARNING: [Board 49-26] cannot add Board Part xilinx.com:zcu106:part0:2.4 available at C:/Xilinx/Vivado/2022.2/data/xhub/boards/XilinxBoardStore/boards/Xilinx/zcu106/2.4/board.xml as part xczu7ev-ffvc1156-2-e specified in board_part file is either invalid or not available
WARNING: [Board 49-26] cannot add Board Part xilinx.com:zcu106:part0:2.5 available at C:/Xilinx/Vivado/2022.2/data/xhub/boards/XilinxBoardStore/boards/Xilinx/zcu106/2.5/board.xml as part xczu7ev-ffvc1156-2-e specified in board_part file is either invalid or not available
WARNING: [Board 49-26] cannot add Board Part xilinx.com:zcu106:part0:2.6 available at C:/Xilinx/Vivado/2022.2/data/xhub/boards/XilinxBoardStore/boards/Xilinx/zcu106/2.6/board.xml as part xczu7ev-ffvc1156-2-e specified in board_part file is either invalid or not available
WARNING: [Board 49-26] cannot add Board Part xilinx.com:zcu111:part0:1.2 available at C:/Xilinx/Vivado/2022.2/data/xhub/boards/XilinxBoardStore/boards/Xilinx/zcu111/1.2/board.xml as part xczu28dr-ffvg1517-2-e specified in board_part file is either invalid or not available
WARNING: [Board 49-26] cannot add Board Part xilinx.com:zcu111:part0:1.3 available at C:/Xilinx/Vivado/2022.2/data/xhub/boards/XilinxBoardStore/boards/Xilinx/zcu111/1.3/board.xml as part xczu28dr-ffvg1517-2-e specified in board_part file is either invalid or not available
WARNING: [Board 49-26] cannot add Board Part xilinx.com:zcu111:part0:1.4 available at C:/Xilinx/Vivado/2022.2/data/xhub/boards/XilinxBoardStore/boards/Xilinx/zcu111/1.4/board.xml as part xczu28dr-ffvg1517-2-e specified in board_part file is either invalid or not available
WARNING: [Board 49-26] cannot add Board Part xilinx.com:zcu1275:part0:1.0 available at C:/Xilinx/Vivado/2022.2/data/xhub/boards/XilinxBoardStore/boards/Xilinx/zcu1275/1.0/board.xml as part xczu29dr-ffvf1760-2-e specified in board_part file is either invalid or not available
WARNING: [Board 49-26] cannot add Board Part xilinx.com:zcu1285:part0:1.0 available at C:/Xilinx/Vivado/2022.2/data/xhub/boards/XilinxBoardStore/boards/Xilinx/zcu1285/1.0/board.xml as part xczu39dr-ffvf1760-2-i specified in board_part file is either invalid or not available
WARNING: [Board 49-26] cannot add Board Part xilinx.com:zcu208:part0:2.0 available at C:/Xilinx/Vivado/2022.2/data/xhub/boards/XilinxBoardStore/boards/Xilinx/zcu208/production/2.0/board.xml as part xczu48dr-fsvg1517-2-e specified in board_part file is either invalid or not available
WARNING: [Board 49-26] cannot add Board Part xilinx.com:zcu208ld:part0:2.0 available at C:/Xilinx/Vivado/2022.2/data/xhub/boards/XilinxBoardStore/boards/Xilinx/zcu208ld/production/2.0/board.xml as part xczu58dr-fsvg1517-2-i specified in board_part file is either invalid or not available
WARNING: [Board 49-26] cannot add Board Part xilinx.com:zcu216:part0:2.0 available at C:/Xilinx/Vivado/2022.2/data/xhub/boards/XilinxBoardStore/boards/Xilinx/zcu216/production/2.0/board.xml as part xczu49dr-ffvf1760-2-e specified in board_part file is either invalid or not available
WARNING: [Board 49-26] cannot add Board Part xilinx.com:zcu216ld:part0:2.0 available at C:/Xilinx/Vivado/2022.2/data/xhub/boards/XilinxBoardStore/boards/Xilinx/zcu216ld/production/2.0/board.xml as part xczu59dr-ffvf1760-2-i specified in board_part file is either invalid or not available
WARNING: [Board 49-26] cannot add Board Part xilinx.com:zcu670:part0:2.0 available at C:/Xilinx/Vivado/2022.2/data/xhub/boards/XilinxBoardStore/boards/Xilinx/zcu670/2.0/board.xml as part xczu67dr-fsve1156-2-i specified in board_part file is either invalid or not available
WARNING: [Board 49-26] cannot add Board Part xilinx.com:zcu670ld:part0:1.0 available at C:/Xilinx/Vivado/2022.2/data/xhub/boards/XilinxBoardStore/boards/Xilinx/zcu670ld/1.0/board.xml as part xczu57dr-fsve1156-2-i specified in board_part file is either invalid or not available
INFO: [filemgmt 56-3] Default IP Output Path : Could not find the directory 'C:/Users/yagob/Documents/GitHub/TRABAJO_VHDL/TRABAJO_V1/project_1.gen/sources_1'.
Scanning sources...
Finished scanning sources
INFO: [IP_Flow 19-234] Refreshing IP repositories
INFO: [IP_Flow 19-1704] No user IP repositories specified
INFO: [IP_Flow 19-2313] Loaded Vivado IP repository 'C:/Xilinx/Vivado/2022.2/data/ip'.
open_project: Time (s): cpu = 00:00:41 ; elapsed = 00:00:17 . Memory (MB): peak = 1209.008 ; gain = 447.680
update_compile_order -fileset sources_1
launch_simulation
Command: launch_simulation 
INFO: [Vivado 12-12493] Simulation top is 'tb_SEMAFORO3'
WARNING: [Vivado 12-13340] Unable to auto find GCC executables from simulator install path! (path not set)
WARNING: [Vivado 12-13277] Compiled library path does not exist: ''
INFO: [Vivado 12-5682] Launching behavioral simulation in 'C:/Users/yagob/Documents/GitHub/TRABAJO_VHDL/TRABAJO_V1/project_1.sim/sim_1/behav/xsim'
INFO: [SIM-utils-51] Simulation object is 'sim_1'
INFO: [SIM-utils-72] Using boost library from 'C:/Xilinx/Vivado/2022.2/tps/boost_1_72_0'
INFO: [SIM-utils-54] Inspecting design source files for 'tb_SEMAFORO3' in fileset 'sim_1'...
INFO: [USF-XSim-97] Finding global include files...
INFO: [USF-XSim-98] Fetching design files from 'sim_1'...
INFO: [USF-XSim-2] XSim::Compile design
INFO: [USF-XSim-61] Executing 'COMPILE and ANALYZE' step in 'C:/Users/yagob/Documents/GitHub/TRABAJO_VHDL/TRABAJO_V1/project_1.sim/sim_1/behav/xsim'
INFO: [Common 17-41] Interrupt caught. Command should exit soon.
"xvhdl --incr --relax -prj tb_SEMAFORO3_vhdl.prj"
INFO: [VRFC 10-163] Analyzing VHDL file "C:/Users/yagob/Documents/GitHub/TRABAJO_VHDL/TRABAJO_V1/project_1.srcs/sources_1/new/Reloj.vhd" into library xil_defaultlib
INFO: [VRFC 10-3107] analyzing entity 'Reloj'
INFO: [VRFC 10-163] Analyzing VHDL file "C:/Users/yagob/Documents/GitHub/TRABAJO_VHDL/TRABAJO_V1/project_1.srcs/sources_1/new/SEMAFORO.vhd" into library xil_defaultlib
INFO: [VRFC 10-3107] analyzing entity 'SEMAFORO'
INFO: [VRFC 10-163] Analyzing VHDL file "C:/Users/yagob/Documents/GitHub/TRABAJO_VHDL/TRABAJO_V1/project_1.srcs/sources_1/new/tb_SEMAFORO.vhd" into library xil_defaultlib
INFO: [VRFC 10-3107] analyzing entity 'tb_SEMAFORO'
ERROR: [VRFC 10-2989] 'tbperiod2' is not declared [C:/Users/yagob/Documents/GitHub/TRABAJO_VHDL/TRABAJO_V1/project_1.srcs/sources_1/new/tb_SEMAFORO.vhd:76]
ERROR: [VRFC 10-2123] 0 definitions of operator "*" match here [C:/Users/yagob/Documents/GitHub/TRABAJO_VHDL/TRABAJO_V1/project_1.srcs/sources_1/new/tb_SEMAFORO.vhd:76]
ERROR: [VRFC 10-2989] 'tbperiod2' is not declared [C:/Users/yagob/Documents/GitHub/TRABAJO_VHDL/TRABAJO_V1/project_1.srcs/sources_1/new/tb_SEMAFORO.vhd:78]
ERROR: [VRFC 10-2123] 0 definitions of operator "*" match here [C:/Users/yagob/Documents/GitHub/TRABAJO_VHDL/TRABAJO_V1/project_1.srcs/sources_1/new/tb_SEMAFORO.vhd:78]
ERROR: [VRFC 10-2989] 'tbperiod2' is not declared [C:/Users/yagob/Documents/GitHub/TRABAJO_VHDL/TRABAJO_V1/project_1.srcs/sources_1/new/tb_SEMAFORO.vhd:81]
ERROR: [VRFC 10-2123] 0 definitions of operator "*" match here [C:/Users/yagob/Documents/GitHub/TRABAJO_VHDL/TRABAJO_V1/project_1.srcs/sources_1/new/tb_SEMAFORO.vhd:81]
ERROR: [VRFC 10-9458] unit 'tb' is ignored due to previous errors [C:/Users/yagob/Documents/GitHub/TRABAJO_VHDL/TRABAJO_V1/project_1.srcs/sources_1/new/tb_SEMAFORO.vhd:28]
ERROR: [VRFC 10-8801] cannot find architecture 'tb' in entity 'tb_semaforo' [C:/Users/yagob/Documents/GitHub/TRABAJO_VHDL/TRABAJO_V1/project_1.srcs/sources_1/new/tb_SEMAFORO.vhd:93]
ERROR: [VRFC 10-9458] unit 'cfg_tb_semaforo' is ignored due to previous errors [C:/Users/yagob/Documents/GitHub/TRABAJO_VHDL/TRABAJO_V1/project_1.srcs/sources_1/new/tb_SEMAFORO.vhd:92]
INFO: [VRFC 10-8704] VHDL file 'C:/Users/yagob/Documents/GitHub/TRABAJO_VHDL/TRABAJO_V1/project_1.srcs/sources_1/new/tb_SEMAFORO.vhd' is ignored due to errors
INFO: [Common 17-344] 'run_program' was cancelled
INFO: [Vivado 12-5357] 'compile' step aborted
launch_simulation: Time (s): cpu = 00:00:02 ; elapsed = 00:00:06 . Memory (MB): peak = 1256.125 ; gain = 0.000
INFO: [Common 17-344] 'launch_simulation' was cancelled
set_property top tb_SEMAFORO [get_filesets sim_1]
set_property top_lib xil_defaultlib [get_filesets sim_1]
WARNING: [filemgmt 56-199] Attempt to get parsing info during refresh. "On-the-fly" syntax checking information may be incorrect. [C:\Users\yagob\Documents\GitHub\TRABAJO_VHDL\TRABAJO_V1\project_1.srcs\sources_1\new\tb_SEMAFORO2.vhd:]
WARNING: [filemgmt 56-199] Attempt to get parsing info during refresh. "On-the-fly" syntax checking information may be incorrect. [C:\Users\yagob\Documents\GitHub\TRABAJO_VHDL\TRABAJO_V1\project_1.srcs\sources_1\new\SEMAFORO.vhd:]
WARNING: [filemgmt 56-199] Attempt to get parsing info during refresh. "On-the-fly" syntax checking information may be incorrect. [C:\Users\yagob\Documents\GitHub\TRABAJO_VHDL\TRABAJO_V1\project_1.srcs\sources_1\new\tb_SEMAFORO.vhd:]
WARNING: [filemgmt 56-199] Attempt to get parsing info during refresh. "On-the-fly" syntax checking information may be incorrect. [C:\Users\yagob\Documents\GitHub\TRABAJO_VHDL\TRABAJO_V1\project_1.srcs\sources_1\new\tb_SEMAFORO3.vhd:]
WARNING: [filemgmt 56-199] Attempt to get parsing info during refresh. "On-the-fly" syntax checking information may be incorrect. [C:\Users\yagob\Documents\GitHub\TRABAJO_VHDL\TRABAJO_V1\project_1.srcs\sources_1\new\tb_SEMAFORO2.vhd:]
WARNING: [filemgmt 56-199] Attempt to get parsing info during refresh. "On-the-fly" syntax checking information may be incorrect. [C:\Users\yagob\Documents\GitHub\TRABAJO_VHDL\TRABAJO_V1\project_1.srcs\sources_1\new\SEMAFORO.vhd:]
WARNING: [filemgmt 56-199] Attempt to get parsing info during refresh. "On-the-fly" syntax checking information may be incorrect. [C:\Users\yagob\Documents\GitHub\TRABAJO_VHDL\TRABAJO_V1\project_1.srcs\sources_1\new\tb_SEMAFORO.vhd:]
WARNING: [filemgmt 56-199] Attempt to get parsing info during refresh. "On-the-fly" syntax checking information may be incorrect. [C:\Users\yagob\Documents\GitHub\TRABAJO_VHDL\TRABAJO_V1\project_1.srcs\sources_1\new\tb_SEMAFORO3.vhd:]
WARNING: [filemgmt 56-199] Attempt to get parsing info during refresh. "On-the-fly" syntax checking information may be incorrect. [C:\Users\yagob\Documents\GitHub\TRABAJO_VHDL\TRABAJO_V1\project_1.srcs\sources_1\new\tb_SEMAFORO2.vhd:]
WARNING: [filemgmt 56-199] Attempt to get parsing info during refresh. "On-the-fly" syntax checking information may be incorrect. [C:\Users\yagob\Documents\GitHub\TRABAJO_VHDL\TRABAJO_V1\project_1.srcs\sources_1\new\SEMAFORO.vhd:]
WARNING: [filemgmt 56-199] Attempt to get parsing info during refresh. "On-the-fly" syntax checking information may be incorrect. [C:\Users\yagob\Documents\GitHub\TRABAJO_VHDL\TRABAJO_V1\project_1.srcs\sources_1\new\tb_SEMAFORO.vhd:]
WARNING: [filemgmt 56-199] Attempt to get parsing info during refresh. "On-the-fly" syntax checking information may be incorrect. [C:\Users\yagob\Documents\GitHub\TRABAJO_VHDL\TRABAJO_V1\project_1.srcs\sources_1\new\tb_SEMAFORO3.vhd:]
ERROR: [Common 17-180] Spawn failed: No error
launch_simulation
Command: launch_simulation 
INFO: [Vivado 12-12493] Simulation top is 'tb_SEMAFORO'
WARNING: [Vivado 12-13340] Unable to auto find GCC executables from simulator install path! (path not set)
WARNING: [Vivado 12-13277] Compiled library path does not exist: ''
INFO: [Vivado 12-5682] Launching behavioral simulation in 'C:/Users/yagob/Documents/GitHub/TRABAJO_VHDL/TRABAJO_V1/project_1.sim/sim_1/behav/xsim'
INFO: [SIM-utils-51] Simulation object is 'sim_1'
INFO: [SIM-utils-72] Using boost library from 'C:/Xilinx/Vivado/2022.2/tps/boost_1_72_0'
INFO: [SIM-utils-54] Inspecting design source files for 'tb_SEMAFORO' in fileset 'sim_1'...
INFO: [USF-XSim-97] Finding global include files...
INFO: [USF-XSim-98] Fetching design files from 'sim_1'...
INFO: [USF-XSim-2] XSim::Compile design
INFO: [USF-XSim-61] Executing 'COMPILE and ANALYZE' step in 'C:/Users/yagob/Documents/GitHub/TRABAJO_VHDL/TRABAJO_V1/project_1.sim/sim_1/behav/xsim'
"xvhdl --incr --relax -prj tb_SEMAFORO_vhdl.prj"
INFO: [VRFC 10-163] Analyzing VHDL file "C:/Users/yagob/Documents/GitHub/TRABAJO_VHDL/TRABAJO_V1/project_1.srcs/sources_1/new/Reloj.vhd" into library xil_defaultlib
INFO: [VRFC 10-3107] analyzing entity 'Reloj'
INFO: [VRFC 10-163] Analyzing VHDL file "C:/Users/yagob/Documents/GitHub/TRABAJO_VHDL/TRABAJO_V1/project_1.srcs/sources_1/new/SEMAFORO.vhd" into library xil_defaultlib
INFO: [VRFC 10-3107] analyzing entity 'SEMAFORO'
INFO: [VRFC 10-163] Analyzing VHDL file "C:/Users/yagob/Documents/GitHub/TRABAJO_VHDL/TRABAJO_V1/project_1.srcs/sources_1/new/tb_SEMAFORO.vhd" into library xil_defaultlib
INFO: [VRFC 10-3107] analyzing entity 'tb_SEMAFORO'
ERROR: [VRFC 10-2989] 'tbperiod2' is not declared [C:/Users/yagob/Documents/GitHub/TRABAJO_VHDL/TRABAJO_V1/project_1.srcs/sources_1/new/tb_SEMAFORO.vhd:76]
ERROR: [VRFC 10-2123] 0 definitions of operator "*" match here [C:/Users/yagob/Documents/GitHub/TRABAJO_VHDL/TRABAJO_V1/project_1.srcs/sources_1/new/tb_SEMAFORO.vhd:76]
ERROR: [VRFC 10-2989] 'tbperiod2' is not declared [C:/Users/yagob/Documents/GitHub/TRABAJO_VHDL/TRABAJO_V1/project_1.srcs/sources_1/new/tb_SEMAFORO.vhd:78]
ERROR: [VRFC 10-2123] 0 definitions of operator "*" match here [C:/Users/yagob/Documents/GitHub/TRABAJO_VHDL/TRABAJO_V1/project_1.srcs/sources_1/new/tb_SEMAFORO.vhd:78]
ERROR: [VRFC 10-2989] 'tbperiod2' is not declared [C:/Users/yagob/Documents/GitHub/TRABAJO_VHDL/TRABAJO_V1/project_1.srcs/sources_1/new/tb_SEMAFORO.vhd:81]
ERROR: [VRFC 10-2123] 0 definitions of operator "*" match here [C:/Users/yagob/Documents/GitHub/TRABAJO_VHDL/TRABAJO_V1/project_1.srcs/sources_1/new/tb_SEMAFORO.vhd:81]
ERROR: [VRFC 10-9458] unit 'tb' is ignored due to previous errors [C:/Users/yagob/Documents/GitHub/TRABAJO_VHDL/TRABAJO_V1/project_1.srcs/sources_1/new/tb_SEMAFORO.vhd:28]
ERROR: [VRFC 10-8801] cannot find architecture 'tb' in entity 'tb_semaforo' [C:/Users/yagob/Documents/GitHub/TRABAJO_VHDL/TRABAJO_V1/project_1.srcs/sources_1/new/tb_SEMAFORO.vhd:93]
ERROR: [VRFC 10-9458] unit 'cfg_tb_semaforo' is ignored due to previous errors [C:/Users/yagob/Documents/GitHub/TRABAJO_VHDL/TRABAJO_V1/project_1.srcs/sources_1/new/tb_SEMAFORO.vhd:92]
INFO: [VRFC 10-8704] VHDL file 'C:/Users/yagob/Documents/GitHub/TRABAJO_VHDL/TRABAJO_V1/project_1.srcs/sources_1/new/tb_SEMAFORO.vhd' is ignored due to errors
INFO: [USF-XSim-69] 'compile' step finished in '2' seconds
INFO: [USF-XSim-99] Step results log file:'C:/Users/yagob/Documents/GitHub/TRABAJO_VHDL/TRABAJO_V1/project_1.sim/sim_1/behav/xsim/xvhdl.log'
ERROR: [USF-XSim-62] 'compile' step failed with error(s). Please check the Tcl console output or 'C:/Users/yagob/Documents/GitHub/TRABAJO_VHDL/TRABAJO_V1/project_1.sim/sim_1/behav/xsim/xvhdl.log' file for more information.
ERROR: [Vivado 12-4473] Detected error while running simulation. Please correct the issue and retry this operation.
ERROR: [Common 17-39] 'launch_simulation' failed due to earlier errors.
reset_simulation -simset sim_1 -mode behavioral
INFO: [Vivado 12-2266] Removing simulation data...
INFO: [Vivado 12-2267] Reset complete
launch_simulation
Command: launch_simulation 
INFO: [Vivado 12-12493] Simulation top is 'tb_SEMAFORO'
WARNING: [Vivado 12-13340] Unable to auto find GCC executables from simulator install path! (path not set)
WARNING: [Vivado 12-13277] Compiled library path does not exist: ''
INFO: [Vivado 12-5682] Launching behavioral simulation in 'C:/Users/yagob/Documents/GitHub/TRABAJO_VHDL/TRABAJO_V1/project_1.sim/sim_1/behav/xsim'
INFO: [SIM-utils-51] Simulation object is 'sim_1'
INFO: [SIM-utils-72] Using boost library from 'C:/Xilinx/Vivado/2022.2/tps/boost_1_72_0'
INFO: [SIM-utils-54] Inspecting design source files for 'tb_SEMAFORO' in fileset 'sim_1'...
INFO: [USF-XSim-97] Finding global include files...
INFO: [USF-XSim-98] Fetching design files from 'sim_1'...
INFO: [USF-XSim-2] XSim::Compile design
INFO: [USF-XSim-61] Executing 'COMPILE and ANALYZE' step in 'C:/Users/yagob/Documents/GitHub/TRABAJO_VHDL/TRABAJO_V1/project_1.sim/sim_1/behav/xsim'
"xvhdl --incr --relax -prj tb_SEMAFORO_vhdl.prj"
INFO: [VRFC 10-163] Analyzing VHDL file "C:/Users/yagob/Documents/GitHub/TRABAJO_VHDL/TRABAJO_V1/project_1.srcs/sources_1/new/Reloj.vhd" into library xil_defaultlib
INFO: [VRFC 10-3107] analyzing entity 'Reloj'
INFO: [VRFC 10-163] Analyzing VHDL file "C:/Users/yagob/Documents/GitHub/TRABAJO_VHDL/TRABAJO_V1/project_1.srcs/sources_1/new/SEMAFORO.vhd" into library xil_defaultlib
INFO: [VRFC 10-3107] analyzing entity 'SEMAFORO'
INFO: [VRFC 10-163] Analyzing VHDL file "C:/Users/yagob/Documents/GitHub/TRABAJO_VHDL/TRABAJO_V1/project_1.srcs/sources_1/new/Top.vhd" into library xil_defaultlib
INFO: [VRFC 10-3107] analyzing entity 'top'
INFO: [VRFC 10-163] Analyzing VHDL file "C:/Users/yagob/Documents/GitHub/TRABAJO_VHDL/TRABAJO_V1/project_1.srcs/sources_1/new/tb_SEMAFORO.vhd" into library xil_defaultlib
INFO: [VRFC 10-3107] analyzing entity 'tb_SEMAFORO'
ERROR: [VRFC 10-2989] 'tbperiod2' is not declared [C:/Users/yagob/Documents/GitHub/TRABAJO_VHDL/TRABAJO_V1/project_1.srcs/sources_1/new/tb_SEMAFORO.vhd:76]
ERROR: [VRFC 10-2123] 0 definitions of operator "*" match here [C:/Users/yagob/Documents/GitHub/TRABAJO_VHDL/TRABAJO_V1/project_1.srcs/sources_1/new/tb_SEMAFORO.vhd:76]
ERROR: [VRFC 10-2989] 'tbperiod2' is not declared [C:/Users/yagob/Documents/GitHub/TRABAJO_VHDL/TRABAJO_V1/project_1.srcs/sources_1/new/tb_SEMAFORO.vhd:78]
ERROR: [VRFC 10-2123] 0 definitions of operator "*" match here [C:/Users/yagob/Documents/GitHub/TRABAJO_VHDL/TRABAJO_V1/project_1.srcs/sources_1/new/tb_SEMAFORO.vhd:78]
ERROR: [VRFC 10-2989] 'tbperiod2' is not declared [C:/Users/yagob/Documents/GitHub/TRABAJO_VHDL/TRABAJO_V1/project_1.srcs/sources_1/new/tb_SEMAFORO.vhd:81]
ERROR: [VRFC 10-2123] 0 definitions of operator "*" match here [C:/Users/yagob/Documents/GitHub/TRABAJO_VHDL/TRABAJO_V1/project_1.srcs/sources_1/new/tb_SEMAFORO.vhd:81]
ERROR: [VRFC 10-9458] unit 'tb' is ignored due to previous errors [C:/Users/yagob/Documents/GitHub/TRABAJO_VHDL/TRABAJO_V1/project_1.srcs/sources_1/new/tb_SEMAFORO.vhd:28]
ERROR: [VRFC 10-8801] cannot find architecture 'tb' in entity 'tb_semaforo' [C:/Users/yagob/Documents/GitHub/TRABAJO_VHDL/TRABAJO_V1/project_1.srcs/sources_1/new/tb_SEMAFORO.vhd:93]
ERROR: [VRFC 10-9458] unit 'cfg_tb_semaforo' is ignored due to previous errors [C:/Users/yagob/Documents/GitHub/TRABAJO_VHDL/TRABAJO_V1/project_1.srcs/sources_1/new/tb_SEMAFORO.vhd:92]
INFO: [VRFC 10-8704] VHDL file 'C:/Users/yagob/Documents/GitHub/TRABAJO_VHDL/TRABAJO_V1/project_1.srcs/sources_1/new/tb_SEMAFORO.vhd' is ignored due to errors
INFO: [USF-XSim-69] 'compile' step finished in '3' seconds
INFO: [USF-XSim-99] Step results log file:'C:/Users/yagob/Documents/GitHub/TRABAJO_VHDL/TRABAJO_V1/project_1.sim/sim_1/behav/xsim/xvhdl.log'
ERROR: [USF-XSim-62] 'compile' step failed with error(s). Please check the Tcl console output or 'C:/Users/yagob/Documents/GitHub/TRABAJO_VHDL/TRABAJO_V1/project_1.sim/sim_1/behav/xsim/xvhdl.log' file for more information.
ERROR: [Vivado 12-4473] Detected error while running simulation. Please correct the issue and retry this operation.
ERROR: [Common 17-39] 'launch_simulation' failed due to earlier errors.
reset_run synth_1
INFO: [Project 1-1161] Replacing file C:/Users/yagob/Documents/GitHub/TRABAJO_VHDL/TRABAJO_V1/project_1.srcs/utils_1/imports/synth_1/top.dcp with file C:/Users/yagob/Documents/GitHub/TRABAJO_VHDL/TRABAJO_V1/project_1.runs/synth_1/top.dcp
launch_runs impl_1 -jobs 4
[Fri Jun 16 15:05:45 2023] Launched synth_1...
Run output will be captured here: C:/Users/yagob/Documents/GitHub/TRABAJO_VHDL/TRABAJO_V1/project_1.runs/synth_1/runme.log
[Fri Jun 16 15:05:45 2023] Launched impl_1...
Run output will be captured here: C:/Users/yagob/Documents/GitHub/TRABAJO_VHDL/TRABAJO_V1/project_1.runs/impl_1/runme.log
reset_simulation -simset sim_1 -mode behavioral
INFO: [Vivado 12-2266] Removing simulation data...
INFO: [Vivado 12-2267] Reset complete
launch_simulation
Command: launch_simulation 
INFO: [Vivado 12-12493] Simulation top is 'tb_SEMAFORO'
WARNING: [Vivado 12-13340] Unable to auto find GCC executables from simulator install path! (path not set)
WARNING: [Vivado 12-13277] Compiled library path does not exist: ''
INFO: [Vivado 12-5682] Launching behavioral simulation in 'C:/Users/yagob/Documents/GitHub/TRABAJO_VHDL/TRABAJO_V1/project_1.sim/sim_1/behav/xsim'
INFO: [SIM-utils-51] Simulation object is 'sim_1'
INFO: [SIM-utils-72] Using boost library from 'C:/Xilinx/Vivado/2022.2/tps/boost_1_72_0'
INFO: [SIM-utils-54] Inspecting design source files for 'tb_SEMAFORO' in fileset 'sim_1'...
INFO: [USF-XSim-97] Finding global include files...
INFO: [USF-XSim-98] Fetching design files from 'sim_1'...
INFO: [USF-XSim-2] XSim::Compile design
INFO: [USF-XSim-61] Executing 'COMPILE and ANALYZE' step in 'C:/Users/yagob/Documents/GitHub/TRABAJO_VHDL/TRABAJO_V1/project_1.sim/sim_1/behav/xsim'
"xvhdl --incr --relax -prj tb_SEMAFORO_vhdl.prj"
INFO: [VRFC 10-163] Analyzing VHDL file "C:/Users/yagob/Documents/GitHub/TRABAJO_VHDL/TRABAJO_V1/project_1.srcs/sources_1/new/Reloj.vhd" into library xil_defaultlib
INFO: [VRFC 10-3107] analyzing entity 'Reloj'
INFO: [VRFC 10-163] Analyzing VHDL file "C:/Users/yagob/Documents/GitHub/TRABAJO_VHDL/TRABAJO_V1/project_1.srcs/sources_1/new/SEMAFORO.vhd" into library xil_defaultlib
INFO: [VRFC 10-3107] analyzing entity 'SEMAFORO'
INFO: [VRFC 10-163] Analyzing VHDL file "C:/Users/yagob/Documents/GitHub/TRABAJO_VHDL/TRABAJO_V1/project_1.srcs/sources_1/new/Top.vhd" into library xil_defaultlib
INFO: [VRFC 10-3107] analyzing entity 'top'
INFO: [VRFC 10-163] Analyzing VHDL file "C:/Users/yagob/Documents/GitHub/TRABAJO_VHDL/TRABAJO_V1/project_1.srcs/sources_1/new/tb_SEMAFORO.vhd" into library xil_defaultlib
INFO: [VRFC 10-3107] analyzing entity 'tb_SEMAFORO'
INFO: [USF-XSim-69] 'compile' step finished in '3' seconds
INFO: [USF-XSim-3] XSim::Elaborate design
INFO: [USF-XSim-61] Executing 'ELABORATE' step in 'C:/Users/yagob/Documents/GitHub/TRABAJO_VHDL/TRABAJO_V1/project_1.sim/sim_1/behav/xsim'
"xelab --incr --debug typical --relax --mt 2 -L xil_defaultlib -L secureip --snapshot tb_SEMAFORO_behav xil_defaultlib.tb_SEMAFORO -log elaborate.log"
Vivado Simulator v2022.2
Copyright 1986-1999, 2001-2022 Xilinx, Inc. All Rights Reserved.
Running: C:/Xilinx/Vivado/2022.2/bin/unwrapped/win64.o/xelab.exe --incr --debug typical --relax --mt 2 -L xil_defaultlib -L secureip --snapshot tb_SEMAFORO_behav xil_defaultlib.tb_SEMAFORO -log elaborate.log 
Using 2 slave threads.
Starting static elaboration
Completed static elaboration
Starting simulation data flow analysis
Completed simulation data flow analysis
ERROR: [XSIM 43-3249] File C:/Users/yagob/Documents/GitHub/TRABAJO_VHDL/TRABAJO_V1/project_1.srcs/sources_1/new/SEMAFORO.vhd, line 21. Unresolved signal "a" is multiply driven.
INFO: [USF-XSim-69] 'elaborate' step finished in '2' seconds
INFO: [USF-XSim-99] Step results log file:'C:/Users/yagob/Documents/GitHub/TRABAJO_VHDL/TRABAJO_V1/project_1.sim/sim_1/behav/xsim/elaborate.log'
ERROR: [USF-XSim-62] 'elaborate' step failed with error(s). Please check the Tcl console output or 'C:/Users/yagob/Documents/GitHub/TRABAJO_VHDL/TRABAJO_V1/project_1.sim/sim_1/behav/xsim/elaborate.log' file for more information.
ERROR: [Vivado 12-4473] Detected error while running simulation. Please correct the issue and retry this operation.
launch_simulation: Time (s): cpu = 00:00:01 ; elapsed = 00:00:07 . Memory (MB): peak = 1272.035 ; gain = 0.000
ERROR: [Common 17-39] 'launch_simulation' failed due to earlier errors.
exit
INFO: [Common 17-206] Exiting Vivado at Fri Jun 16 15:50:23 2023...
