
*** Running vivado
    with args -log top.vds -m64 -product Vivado -mode batch -messageDb vivado.pb -notrace -source top.tcl



****** Vivado v2022.2 (64-bit)
  **** SW Build 3671981 on Fri Oct 14 05:00:03 MDT 2022
  **** IP Build 3669848 on Fri Oct 14 08:30:02 MDT 2022
    ** Copyright 1986-2022 Xilinx, Inc. All Rights Reserved.

source top.tcl -notrace
create_project: Time (s): cpu = 00:00:05 ; elapsed = 00:00:05 . Memory (MB): peak = 377.770 ; gain = 64.645
Command: read_checkpoint -auto_incremental -incremental C:/Users/yagob/Documents/GitHub/TRABAJO_VHDL/TRABAJO.srcs/utils_1/imports/synth_1/Practica_3.dcp
INFO: [Vivado 12-5825] Read reference checkpoint from C:/Users/yagob/Documents/GitHub/TRABAJO_VHDL/TRABAJO.srcs/utils_1/imports/synth_1/Practica_3.dcp for incremental synthesis
INFO: [Vivado 12-7989] Please ensure there are no constraint changes
Command: synth_design -top top -part xc7a100tcsg324-1
Starting synth_design
Attempting to get a license for feature 'Synthesis' and/or device 'xc7a100t'
INFO: [Common 17-349] Got license for feature 'Synthesis' and/or device 'xc7a100t'
WARNING: [Vivado_Tcl 4-1809] The reference checkpoint is from an old version of Vivado; A full resynthesis flow will be run
INFO: [Device 21-403] Loading part xc7a100tcsg324-1
INFO: [Designutils 20-5440] No compile time benefit to using incremental synthesis; A full resynthesis will be run
INFO: [Designutils 20-4379] Flow is switching to default flow due to incremental criteria not met. If you would like to alter this behaviour and have the flow terminate instead, please set the following parameter config_implementation {autoIncr.Synth.RejectBehavior Terminate}
INFO: [Synth 8-7079] Multithreading enabled for synth_design using a maximum of 2 processes.
INFO: [Synth 8-7078] Launching helper process for spawning children vivado processes
INFO: [Synth 8-7075] Helper process launched with PID 8048
INFO: [Synth 8-11241] undeclared symbol 'REGCCE', assumed default net type 'wire' [C:/Xilinx/Vivado/2022.2/data/verilog/src/unimacro/BRAM_SINGLE_MACRO.v:2170]
---------------------------------------------------------------------------------
Starting RTL Elaboration : Time (s): cpu = 00:00:06 ; elapsed = 00:00:07 . Memory (MB): peak = 1206.961 ; gain = 410.602
---------------------------------------------------------------------------------
ERROR: [Synth 8-2716] syntax error near ')' [C:/Users/yagob/Documents/GitHub/TRABAJO_VHDL/TRABAJO.srcs/sources_1/new/top.vhd:74]
INFO: [Synth 8-11252] unit 'behavioral' is ignored due to previous errors [C:/Users/yagob/Documents/GitHub/TRABAJO_VHDL/TRABAJO.srcs/sources_1/new/top.vhd:76]
INFO: [Synth 8-10443] VHDL file 'C:/Users/yagob/Documents/GitHub/TRABAJO_VHDL/TRABAJO.srcs/sources_1/new/top.vhd' is ignored due to errors
---------------------------------------------------------------------------------
Finished RTL Elaboration : Time (s): cpu = 00:00:07 ; elapsed = 00:00:08 . Memory (MB): peak = 1288.680 ; gain = 492.320
---------------------------------------------------------------------------------
RTL Elaboration failed
INFO: [Common 17-83] Releasing license: Synthesis
13 Infos, 1 Warnings, 0 Critical Warnings and 2 Errors encountered.
synth_design failed
ERROR: [Common 17-69] Command failed: Synthesis failed - please see the console or run log file for details
INFO: [Common 17-206] Exiting Vivado at Mon Dec 12 17:42:44 2022...
