
*** Running vivado
    with args -log top.vds -m64 -product Vivado -mode batch -messageDb vivado.pb -notrace -source top.tcl



****** Vivado v2022.2 (64-bit)
  **** SW Build 3671981 on Fri Oct 14 05:00:03 MDT 2022
  **** IP Build 3669848 on Fri Oct 14 08:30:02 MDT 2022
    ** Copyright 1986-2022 Xilinx, Inc. All Rights Reserved.

source top.tcl -notrace
create_project: Time (s): cpu = 00:00:07 ; elapsed = 00:00:08 . Memory (MB): peak = 414.129 ; gain = 101.312
Command: read_checkpoint -auto_incremental -incremental C:/Users/yagob/Documents/GitHub/TRABAJO_VHDL/TRABAJO_V1/project_1.srcs/utils_1/imports/synth_1/top.dcp
INFO: [Vivado 12-5825] Read reference checkpoint from C:/Users/yagob/Documents/GitHub/TRABAJO_VHDL/TRABAJO_V1/project_1.srcs/utils_1/imports/synth_1/top.dcp for incremental synthesis
INFO: [Vivado 12-7989] Please ensure there are no constraint changes
Command: synth_design -top top -part xc7a100tcsg324-1
Starting synth_design
Attempting to get a license for feature 'Synthesis' and/or device 'xc7a100t'
INFO: [Common 17-349] Got license for feature 'Synthesis' and/or device 'xc7a100t'
INFO: [Device 21-403] Loading part xc7a100tcsg324-1
INFO: [Designutils 20-5440] No compile time benefit to using incremental synthesis; A full resynthesis will be run
INFO: [Designutils 20-4379] Flow is switching to default flow due to incremental criteria not met. If you would like to alter this behaviour and have the flow terminate instead, please set the following parameter config_implementation {autoIncr.Synth.RejectBehavior Terminate}
INFO: [Synth 8-7079] Multithreading enabled for synth_design using a maximum of 2 processes.
INFO: [Synth 8-7078] Launching helper process for spawning children vivado processes
INFO: [Synth 8-7075] Helper process launched with PID 10816
INFO: [Synth 8-11241] undeclared symbol 'REGCCE', assumed default net type 'wire' [C:/Xilinx/Vivado/2022.2/data/verilog/src/unimacro/BRAM_SINGLE_MACRO.v:2170]
---------------------------------------------------------------------------------
Starting RTL Elaboration : Time (s): cpu = 00:00:08 ; elapsed = 00:00:09 . Memory (MB): peak = 1241.680 ; gain = 408.277
---------------------------------------------------------------------------------
INFO: [Synth 8-638] synthesizing module 'top' [C:/Users/yagob/Documents/GitHub/TRABAJO_VHDL/TRABAJO_V1/project_1.srcs/sources_1/new/Top.vhd:14]
INFO: [Synth 8-3491] module 'Reloj' declared at 'C:/Users/yagob/Documents/GitHub/TRABAJO_VHDL/TRABAJO_V1/project_1.srcs/sources_1/new/Reloj.vhd:7' bound to instance 'Inst_REL' of component 'Reloj' [C:/Users/yagob/Documents/GitHub/TRABAJO_VHDL/TRABAJO_V1/project_1.srcs/sources_1/new/Top.vhd:43]
INFO: [Synth 8-638] synthesizing module 'Reloj' [C:/Users/yagob/Documents/GitHub/TRABAJO_VHDL/TRABAJO_V1/project_1.srcs/sources_1/new/Reloj.vhd:14]
INFO: [Synth 8-256] done synthesizing module 'Reloj' (0#1) [C:/Users/yagob/Documents/GitHub/TRABAJO_VHDL/TRABAJO_V1/project_1.srcs/sources_1/new/Reloj.vhd:14]
INFO: [Synth 8-3491] module 'SEMAFORO' declared at 'C:/Users/yagob/Documents/GitHub/TRABAJO_VHDL/TRABAJO_V1/project_1.srcs/sources_1/new/SEMAFORO.vhd:5' bound to instance 'Inst_SEM' of component 'SEMAFORO' [C:/Users/yagob/Documents/GitHub/TRABAJO_VHDL/TRABAJO_V1/project_1.srcs/sources_1/new/Top.vhd:50]
INFO: [Synth 8-638] synthesizing module 'SEMAFORO' [C:/Users/yagob/Documents/GitHub/TRABAJO_VHDL/TRABAJO_V1/project_1.srcs/sources_1/new/SEMAFORO.vhd:16]
WARNING: [Synth 8-614] signal 'a' is read in the process but is not in the sensitivity list [C:/Users/yagob/Documents/GitHub/TRABAJO_VHDL/TRABAJO_V1/project_1.srcs/sources_1/new/SEMAFORO.vhd:49]
WARNING: [Synth 8-614] signal 'tiempo_inicio' is read in the process but is not in the sensitivity list [C:/Users/yagob/Documents/GitHub/TRABAJO_VHDL/TRABAJO_V1/project_1.srcs/sources_1/new/SEMAFORO.vhd:49]
INFO: [Synth 8-256] done synthesizing module 'SEMAFORO' (0#1) [C:/Users/yagob/Documents/GitHub/TRABAJO_VHDL/TRABAJO_V1/project_1.srcs/sources_1/new/SEMAFORO.vhd:16]
INFO: [Synth 8-256] done synthesizing module 'top' (0#1) [C:/Users/yagob/Documents/GitHub/TRABAJO_VHDL/TRABAJO_V1/project_1.srcs/sources_1/new/Top.vhd:14]
---------------------------------------------------------------------------------
Finished RTL Elaboration : Time (s): cpu = 00:00:11 ; elapsed = 00:00:12 . Memory (MB): peak = 1332.223 ; gain = 498.820
---------------------------------------------------------------------------------
---------------------------------------------------------------------------------
Start Handling Custom Attributes
---------------------------------------------------------------------------------
---------------------------------------------------------------------------------
Finished Handling Custom Attributes : Time (s): cpu = 00:00:11 ; elapsed = 00:00:12 . Memory (MB): peak = 1332.223 ; gain = 498.820
---------------------------------------------------------------------------------
---------------------------------------------------------------------------------
Finished RTL Optimization Phase 1 : Time (s): cpu = 00:00:11 ; elapsed = 00:00:12 . Memory (MB): peak = 1332.223 ; gain = 498.820
---------------------------------------------------------------------------------
Netlist sorting complete. Time (s): cpu = 00:00:00 ; elapsed = 00:00:00.006 . Memory (MB): peak = 1332.223 ; gain = 0.000
INFO: [Project 1-570] Preparing netlist for logic optimization

Processing XDC Constraints
Initializing timing engine
Parsing XDC File [C:/Users/yagob/Documents/GitHub/TRABAJO_VHDL/TRABAJO_V1/Constrains/Nexys-4-DDR-Master.xdc]
Finished Parsing XDC File [C:/Users/yagob/Documents/GitHub/TRABAJO_VHDL/TRABAJO_V1/Constrains/Nexys-4-DDR-Master.xdc]
INFO: [Project 1-236] Implementation specific constraints were found while reading constraint file [C:/Users/yagob/Documents/GitHub/TRABAJO_VHDL/TRABAJO_V1/Constrains/Nexys-4-DDR-Master.xdc]. These constraints will be ignored for synthesis but will be used in implementation. Impacted constraints are listed in the file [.Xil/top_propImpl.xdc].
Resolution: To avoid this warning, move constraints listed in [.Xil/top_propImpl.xdc] to another XDC file and exclude this new file from synthesis with the used_in_synthesis property (File Properties dialog in GUI) and re-run elaboration/synthesis.
Completed Processing XDC Constraints

Netlist sorting complete. Time (s): cpu = 00:00:00 ; elapsed = 00:00:00 . Memory (MB): peak = 1383.258 ; gain = 0.000
INFO: [Project 1-111] Unisim Transformation Summary:
No Unisim elements were transformed.

Constraint Validation Runtime : Time (s): cpu = 00:00:00 ; elapsed = 00:00:00.005 . Memory (MB): peak = 1383.258 ; gain = 0.000
INFO: [Designutils 20-5440] No compile time benefit to using incremental synthesis; A full resynthesis will be run
INFO: [Designutils 20-4379] Flow is switching to default flow due to incremental criteria not met. If you would like to alter this behaviour and have the flow terminate instead, please set the following parameter config_implementation {autoIncr.Synth.RejectBehavior Terminate}
INFO: [Synth 8-11241] undeclared symbol 'REGCCE', assumed default net type 'wire' [C:/Xilinx/Vivado/2022.2/data/verilog/src/unimacro/BRAM_SINGLE_MACRO.v:2170]
---------------------------------------------------------------------------------
Finished Constraint Validation : Time (s): cpu = 00:00:22 ; elapsed = 00:00:24 . Memory (MB): peak = 1383.258 ; gain = 549.855
---------------------------------------------------------------------------------
---------------------------------------------------------------------------------
Start Loading Part and Timing Information
---------------------------------------------------------------------------------
Loading part: xc7a100tcsg324-1
---------------------------------------------------------------------------------
Finished Loading Part and Timing Information : Time (s): cpu = 00:00:22 ; elapsed = 00:00:24 . Memory (MB): peak = 1383.258 ; gain = 549.855
---------------------------------------------------------------------------------
---------------------------------------------------------------------------------
Start Applying 'set_property' XDC Constraints
---------------------------------------------------------------------------------
---------------------------------------------------------------------------------
Finished applying 'set_property' XDC Constraints : Time (s): cpu = 00:00:22 ; elapsed = 00:00:24 . Memory (MB): peak = 1383.258 ; gain = 549.855
---------------------------------------------------------------------------------
INFO: [Synth 8-802] inferred FSM for state register 'current_state_reg' in module 'SEMAFORO'
---------------------------------------------------------------------------------------------------
                   State |                     New Encoding |                Previous Encoding 
---------------------------------------------------------------------------------------------------
                      s0 |                            00001 |                              000
                      s1 |                            00010 |                              001
                      s2 |                            00100 |                              010
                      s3 |                            01000 |                              011
                      s4 |                            10000 |                              100
---------------------------------------------------------------------------------------------------
INFO: [Synth 8-3354] encoded FSM with state register 'current_state_reg' using encoding 'one-hot' in module 'SEMAFORO'
WARNING: [Synth 8-327] inferring latch for variable 'a_reg' [C:/Users/yagob/Documents/GitHub/TRABAJO_VHDL/TRABAJO_V1/project_1.srcs/sources_1/new/SEMAFORO.vhd:55]
WARNING: [Synth 8-327] inferring latch for variable 'tiempo_inicio_reg' [C:/Users/yagob/Documents/GitHub/TRABAJO_VHDL/TRABAJO_V1/project_1.srcs/sources_1/new/SEMAFORO.vhd:56]
---------------------------------------------------------------------------------
Finished RTL Optimization Phase 2 : Time (s): cpu = 00:00:23 ; elapsed = 00:00:25 . Memory (MB): peak = 1383.258 ; gain = 549.855
---------------------------------------------------------------------------------
---------------------------------------------------------------------------------
Start RTL Component Statistics 
---------------------------------------------------------------------------------
Detailed RTL Component Info : 
+---Adders : 
	   3 Input   32 Bit       Adders := 1     
	   2 Input   27 Bit       Adders := 1     
+---Registers : 
	               27 Bit    Registers := 1     
	                1 Bit    Registers := 1     
+---Muxes : 
	   2 Input   27 Bit        Muxes := 1     
	   5 Input    5 Bit        Muxes := 1     
	   2 Input    5 Bit        Muxes := 1     
	   5 Input    2 Bit        Muxes := 1     
	   2 Input    1 Bit        Muxes := 2     
	   5 Input    1 Bit        Muxes := 3     
---------------------------------------------------------------------------------
Finished RTL Component Statistics 
---------------------------------------------------------------------------------
---------------------------------------------------------------------------------
Start Part Resource Summary
---------------------------------------------------------------------------------
Part Resources:
DSPs: 240 (col length:80)
BRAMs: 270 (col length: RAMB18 80 RAMB36 40)
---------------------------------------------------------------------------------
Finished Part Resource Summary
---------------------------------------------------------------------------------
---------------------------------------------------------------------------------
Start Cross Boundary and Area Optimization
---------------------------------------------------------------------------------
WARNING: [Synth 8-7080] Parallel synthesis criteria is not met
WARNING: [Synth 8-3332] Sequential element (Inst_SEM/a_reg[30]) is unused and will be removed from module top.
WARNING: [Synth 8-3332] Sequential element (Inst_SEM/a_reg[29]) is unused and will be removed from module top.
WARNING: [Synth 8-3332] Sequential element (Inst_SEM/a_reg[28]) is unused and will be removed from module top.
WARNING: [Synth 8-3332] Sequential element (Inst_SEM/a_reg[27]) is unused and will be removed from module top.
WARNING: [Synth 8-3332] Sequential element (Inst_SEM/a_reg[26]) is unused and will be removed from module top.
WARNING: [Synth 8-3332] Sequential element (Inst_SEM/a_reg[25]) is unused and will be removed from module top.
WARNING: [Synth 8-3332] Sequential element (Inst_SEM/a_reg[24]) is unused and will be removed from module top.
WARNING: [Synth 8-3332] Sequential element (Inst_SEM/a_reg[23]) is unused and will be removed from module top.
WARNING: [Synth 8-3332] Sequential element (Inst_SEM/a_reg[22]) is unused and will be removed from module top.
WARNING: [Synth 8-3332] Sequential element (Inst_SEM/a_reg[21]) is unused and will be removed from module top.
WARNING: [Synth 8-3332] Sequential element (Inst_SEM/a_reg[20]) is unused and will be removed from module top.
WARNING: [Synth 8-3332] Sequential element (Inst_SEM/a_reg[19]) is unused and will be removed from module top.
WARNING: [Synth 8-3332] Sequential element (Inst_SEM/a_reg[18]) is unused and will be removed from module top.
WARNING: [Synth 8-3332] Sequential element (Inst_SEM/a_reg[17]) is unused and will be removed from module top.
WARNING: [Synth 8-3332] Sequential element (Inst_SEM/a_reg[16]) is unused and will be removed from module top.
WARNING: [Synth 8-3332] Sequential element (Inst_SEM/a_reg[15]) is unused and will be removed from module top.
WARNING: [Synth 8-3332] Sequential element (Inst_SEM/a_reg[14]) is unused and will be removed from module top.
WARNING: [Synth 8-3332] Sequential element (Inst_SEM/a_reg[13]) is unused and will be removed from module top.
WARNING: [Synth 8-3332] Sequential element (Inst_SEM/a_reg[12]) is unused and will be removed from module top.
WARNING: [Synth 8-3332] Sequential element (Inst_SEM/a_reg[11]) is unused and will be removed from module top.
WARNING: [Synth 8-3332] Sequential element (Inst_SEM/a_reg[10]) is unused and will be removed from module top.
WARNING: [Synth 8-3332] Sequential element (Inst_SEM/a_reg[9]) is unused and will be removed from module top.
WARNING: [Synth 8-3332] Sequential element (Inst_SEM/a_reg[8]) is unused and will be removed from module top.
WARNING: [Synth 8-3332] Sequential element (Inst_SEM/a_reg[7]) is unused and will be removed from module top.
WARNING: [Synth 8-3332] Sequential element (Inst_SEM/a_reg[6]) is unused and will be removed from module top.
WARNING: [Synth 8-3332] Sequential element (Inst_SEM/a_reg[5]) is unused and will be removed from module top.
WARNING: [Synth 8-3332] Sequential element (Inst_SEM/a_reg[4]) is unused and will be removed from module top.
WARNING: [Synth 8-3332] Sequential element (Inst_SEM/a_reg[3]) is unused and will be removed from module top.
WARNING: [Synth 8-3332] Sequential element (Inst_SEM/a_reg[2]) is unused and will be removed from module top.
WARNING: [Synth 8-3332] Sequential element (Inst_SEM/a_reg[1]) is unused and will be removed from module top.
WARNING: [Synth 8-3332] Sequential element (Inst_SEM/a_reg[0]) is unused and will be removed from module top.
CRITICAL WARNING: [Synth 8-6859] multi-driven net on pin Q with 1st driver pin 'Inst_SEM/a_reg[30]__0/Q' [C:/Users/yagob/Documents/GitHub/TRABAJO_VHDL/TRABAJO_V1/project_1.srcs/sources_1/new/SEMAFORO.vhd:44]
CRITICAL WARNING: [Synth 8-6859] multi-driven net on pin Q with 2nd driver pin 'GND' [C:/Users/yagob/Documents/GitHub/TRABAJO_VHDL/TRABAJO_V1/project_1.srcs/sources_1/new/SEMAFORO.vhd:44]
CRITICAL WARNING: [Synth 8-6858] multi-driven net Q is connected to at least one constant driver which has been preserved, other driver is ignored [C:/Users/yagob/Documents/GitHub/TRABAJO_VHDL/TRABAJO_V1/project_1.srcs/sources_1/new/SEMAFORO.vhd:44]
CRITICAL WARNING: [Synth 8-6859] multi-driven net on pin Q with 1st driver pin 'Inst_SEM/a_reg[29]__0/Q' [C:/Users/yagob/Documents/GitHub/TRABAJO_VHDL/TRABAJO_V1/project_1.srcs/sources_1/new/SEMAFORO.vhd:44]
CRITICAL WARNING: [Synth 8-6859] multi-driven net on pin Q with 2nd driver pin 'GND' [C:/Users/yagob/Documents/GitHub/TRABAJO_VHDL/TRABAJO_V1/project_1.srcs/sources_1/new/SEMAFORO.vhd:44]
CRITICAL WARNING: [Synth 8-6858] multi-driven net Q is connected to at least one constant driver which has been preserved, other driver is ignored [C:/Users/yagob/Documents/GitHub/TRABAJO_VHDL/TRABAJO_V1/project_1.srcs/sources_1/new/SEMAFORO.vhd:44]
CRITICAL WARNING: [Synth 8-6859] multi-driven net on pin Q with 1st driver pin 'Inst_SEM/a_reg[28]__0/Q' [C:/Users/yagob/Documents/GitHub/TRABAJO_VHDL/TRABAJO_V1/project_1.srcs/sources_1/new/SEMAFORO.vhd:44]
CRITICAL WARNING: [Synth 8-6859] multi-driven net on pin Q with 2nd driver pin 'GND' [C:/Users/yagob/Documents/GitHub/TRABAJO_VHDL/TRABAJO_V1/project_1.srcs/sources_1/new/SEMAFORO.vhd:44]
CRITICAL WARNING: [Synth 8-6858] multi-driven net Q is connected to at least one constant driver which has been preserved, other driver is ignored [C:/Users/yagob/Documents/GitHub/TRABAJO_VHDL/TRABAJO_V1/project_1.srcs/sources_1/new/SEMAFORO.vhd:44]
CRITICAL WARNING: [Synth 8-6859] multi-driven net on pin Q with 1st driver pin 'Inst_SEM/a_reg[27]__0/Q' [C:/Users/yagob/Documents/GitHub/TRABAJO_VHDL/TRABAJO_V1/project_1.srcs/sources_1/new/SEMAFORO.vhd:44]
CRITICAL WARNING: [Synth 8-6859] multi-driven net on pin Q with 2nd driver pin 'GND' [C:/Users/yagob/Documents/GitHub/TRABAJO_VHDL/TRABAJO_V1/project_1.srcs/sources_1/new/SEMAFORO.vhd:44]
CRITICAL WARNING: [Synth 8-6858] multi-driven net Q is connected to at least one constant driver which has been preserved, other driver is ignored [C:/Users/yagob/Documents/GitHub/TRABAJO_VHDL/TRABAJO_V1/project_1.srcs/sources_1/new/SEMAFORO.vhd:44]
CRITICAL WARNING: [Synth 8-6859] multi-driven net on pin Q with 1st driver pin 'Inst_SEM/a_reg[26]__0/Q' [C:/Users/yagob/Documents/GitHub/TRABAJO_VHDL/TRABAJO_V1/project_1.srcs/sources_1/new/SEMAFORO.vhd:44]
CRITICAL WARNING: [Synth 8-6859] multi-driven net on pin Q with 2nd driver pin 'GND' [C:/Users/yagob/Documents/GitHub/TRABAJO_VHDL/TRABAJO_V1/project_1.srcs/sources_1/new/SEMAFORO.vhd:44]
CRITICAL WARNING: [Synth 8-6858] multi-driven net Q is connected to at least one constant driver which has been preserved, other driver is ignored [C:/Users/yagob/Documents/GitHub/TRABAJO_VHDL/TRABAJO_V1/project_1.srcs/sources_1/new/SEMAFORO.vhd:44]
CRITICAL WARNING: [Synth 8-6859] multi-driven net on pin Q with 1st driver pin 'Inst_SEM/a_reg[25]__0/Q' [C:/Users/yagob/Documents/GitHub/TRABAJO_VHDL/TRABAJO_V1/project_1.srcs/sources_1/new/SEMAFORO.vhd:44]
CRITICAL WARNING: [Synth 8-6859] multi-driven net on pin Q with 2nd driver pin 'GND' [C:/Users/yagob/Documents/GitHub/TRABAJO_VHDL/TRABAJO_V1/project_1.srcs/sources_1/new/SEMAFORO.vhd:44]
CRITICAL WARNING: [Synth 8-6858] multi-driven net Q is connected to at least one constant driver which has been preserved, other driver is ignored [C:/Users/yagob/Documents/GitHub/TRABAJO_VHDL/TRABAJO_V1/project_1.srcs/sources_1/new/SEMAFORO.vhd:44]
CRITICAL WARNING: [Synth 8-6859] multi-driven net on pin Q with 1st driver pin 'Inst_SEM/a_reg[24]__0/Q' [C:/Users/yagob/Documents/GitHub/TRABAJO_VHDL/TRABAJO_V1/project_1.srcs/sources_1/new/SEMAFORO.vhd:44]
CRITICAL WARNING: [Synth 8-6859] multi-driven net on pin Q with 2nd driver pin 'GND' [C:/Users/yagob/Documents/GitHub/TRABAJO_VHDL/TRABAJO_V1/project_1.srcs/sources_1/new/SEMAFORO.vhd:44]
CRITICAL WARNING: [Synth 8-6858] multi-driven net Q is connected to at least one constant driver which has been preserved, other driver is ignored [C:/Users/yagob/Documents/GitHub/TRABAJO_VHDL/TRABAJO_V1/project_1.srcs/sources_1/new/SEMAFORO.vhd:44]
CRITICAL WARNING: [Synth 8-6859] multi-driven net on pin Q with 1st driver pin 'Inst_SEM/a_reg[23]__0/Q' [C:/Users/yagob/Documents/GitHub/TRABAJO_VHDL/TRABAJO_V1/project_1.srcs/sources_1/new/SEMAFORO.vhd:44]
CRITICAL WARNING: [Synth 8-6859] multi-driven net on pin Q with 2nd driver pin 'GND' [C:/Users/yagob/Documents/GitHub/TRABAJO_VHDL/TRABAJO_V1/project_1.srcs/sources_1/new/SEMAFORO.vhd:44]
CRITICAL WARNING: [Synth 8-6858] multi-driven net Q is connected to at least one constant driver which has been preserved, other driver is ignored [C:/Users/yagob/Documents/GitHub/TRABAJO_VHDL/TRABAJO_V1/project_1.srcs/sources_1/new/SEMAFORO.vhd:44]
CRITICAL WARNING: [Synth 8-6859] multi-driven net on pin Q with 1st driver pin 'Inst_SEM/a_reg[22]__0/Q' [C:/Users/yagob/Documents/GitHub/TRABAJO_VHDL/TRABAJO_V1/project_1.srcs/sources_1/new/SEMAFORO.vhd:44]
CRITICAL WARNING: [Synth 8-6859] multi-driven net on pin Q with 2nd driver pin 'GND' [C:/Users/yagob/Documents/GitHub/TRABAJO_VHDL/TRABAJO_V1/project_1.srcs/sources_1/new/SEMAFORO.vhd:44]
CRITICAL WARNING: [Synth 8-6858] multi-driven net Q is connected to at least one constant driver which has been preserved, other driver is ignored [C:/Users/yagob/Documents/GitHub/TRABAJO_VHDL/TRABAJO_V1/project_1.srcs/sources_1/new/SEMAFORO.vhd:44]
CRITICAL WARNING: [Synth 8-6859] multi-driven net on pin Q with 1st driver pin 'Inst_SEM/a_reg[21]__0/Q' [C:/Users/yagob/Documents/GitHub/TRABAJO_VHDL/TRABAJO_V1/project_1.srcs/sources_1/new/SEMAFORO.vhd:44]
CRITICAL WARNING: [Synth 8-6859] multi-driven net on pin Q with 2nd driver pin 'GND' [C:/Users/yagob/Documents/GitHub/TRABAJO_VHDL/TRABAJO_V1/project_1.srcs/sources_1/new/SEMAFORO.vhd:44]
CRITICAL WARNING: [Synth 8-6858] multi-driven net Q is connected to at least one constant driver which has been preserved, other driver is ignored [C:/Users/yagob/Documents/GitHub/TRABAJO_VHDL/TRABAJO_V1/project_1.srcs/sources_1/new/SEMAFORO.vhd:44]
CRITICAL WARNING: [Synth 8-6859] multi-driven net on pin Q with 1st driver pin 'Inst_SEM/a_reg[20]__0/Q' [C:/Users/yagob/Documents/GitHub/TRABAJO_VHDL/TRABAJO_V1/project_1.srcs/sources_1/new/SEMAFORO.vhd:44]
CRITICAL WARNING: [Synth 8-6859] multi-driven net on pin Q with 2nd driver pin 'GND' [C:/Users/yagob/Documents/GitHub/TRABAJO_VHDL/TRABAJO_V1/project_1.srcs/sources_1/new/SEMAFORO.vhd:44]
CRITICAL WARNING: [Synth 8-6858] multi-driven net Q is connected to at least one constant driver which has been preserved, other driver is ignored [C:/Users/yagob/Documents/GitHub/TRABAJO_VHDL/TRABAJO_V1/project_1.srcs/sources_1/new/SEMAFORO.vhd:44]
CRITICAL WARNING: [Synth 8-6859] multi-driven net on pin Q with 1st driver pin 'Inst_SEM/a_reg[19]__0/Q' [C:/Users/yagob/Documents/GitHub/TRABAJO_VHDL/TRABAJO_V1/project_1.srcs/sources_1/new/SEMAFORO.vhd:44]
CRITICAL WARNING: [Synth 8-6859] multi-driven net on pin Q with 2nd driver pin 'GND' [C:/Users/yagob/Documents/GitHub/TRABAJO_VHDL/TRABAJO_V1/project_1.srcs/sources_1/new/SEMAFORO.vhd:44]
CRITICAL WARNING: [Synth 8-6858] multi-driven net Q is connected to at least one constant driver which has been preserved, other driver is ignored [C:/Users/yagob/Documents/GitHub/TRABAJO_VHDL/TRABAJO_V1/project_1.srcs/sources_1/new/SEMAFORO.vhd:44]
CRITICAL WARNING: [Synth 8-6859] multi-driven net on pin Q with 1st driver pin 'Inst_SEM/a_reg[18]__0/Q' [C:/Users/yagob/Documents/GitHub/TRABAJO_VHDL/TRABAJO_V1/project_1.srcs/sources_1/new/SEMAFORO.vhd:44]
CRITICAL WARNING: [Synth 8-6859] multi-driven net on pin Q with 2nd driver pin 'GND' [C:/Users/yagob/Documents/GitHub/TRABAJO_VHDL/TRABAJO_V1/project_1.srcs/sources_1/new/SEMAFORO.vhd:44]
CRITICAL WARNING: [Synth 8-6858] multi-driven net Q is connected to at least one constant driver which has been preserved, other driver is ignored [C:/Users/yagob/Documents/GitHub/TRABAJO_VHDL/TRABAJO_V1/project_1.srcs/sources_1/new/SEMAFORO.vhd:44]
CRITICAL WARNING: [Synth 8-6859] multi-driven net on pin Q with 1st driver pin 'Inst_SEM/a_reg[17]__0/Q' [C:/Users/yagob/Documents/GitHub/TRABAJO_VHDL/TRABAJO_V1/project_1.srcs/sources_1/new/SEMAFORO.vhd:44]
CRITICAL WARNING: [Synth 8-6859] multi-driven net on pin Q with 2nd driver pin 'GND' [C:/Users/yagob/Documents/GitHub/TRABAJO_VHDL/TRABAJO_V1/project_1.srcs/sources_1/new/SEMAFORO.vhd:44]
CRITICAL WARNING: [Synth 8-6858] multi-driven net Q is connected to at least one constant driver which has been preserved, other driver is ignored [C:/Users/yagob/Documents/GitHub/TRABAJO_VHDL/TRABAJO_V1/project_1.srcs/sources_1/new/SEMAFORO.vhd:44]
CRITICAL WARNING: [Synth 8-6859] multi-driven net on pin Q with 1st driver pin 'Inst_SEM/a_reg[16]__0/Q' [C:/Users/yagob/Documents/GitHub/TRABAJO_VHDL/TRABAJO_V1/project_1.srcs/sources_1/new/SEMAFORO.vhd:44]
CRITICAL WARNING: [Synth 8-6859] multi-driven net on pin Q with 2nd driver pin 'GND' [C:/Users/yagob/Documents/GitHub/TRABAJO_VHDL/TRABAJO_V1/project_1.srcs/sources_1/new/SEMAFORO.vhd:44]
CRITICAL WARNING: [Synth 8-6858] multi-driven net Q is connected to at least one constant driver which has been preserved, other driver is ignored [C:/Users/yagob/Documents/GitHub/TRABAJO_VHDL/TRABAJO_V1/project_1.srcs/sources_1/new/SEMAFORO.vhd:44]
CRITICAL WARNING: [Synth 8-6859] multi-driven net on pin Q with 1st driver pin 'Inst_SEM/a_reg[15]__0/Q' [C:/Users/yagob/Documents/GitHub/TRABAJO_VHDL/TRABAJO_V1/project_1.srcs/sources_1/new/SEMAFORO.vhd:44]
CRITICAL WARNING: [Synth 8-6859] multi-driven net on pin Q with 2nd driver pin 'GND' [C:/Users/yagob/Documents/GitHub/TRABAJO_VHDL/TRABAJO_V1/project_1.srcs/sources_1/new/SEMAFORO.vhd:44]
CRITICAL WARNING: [Synth 8-6858] multi-driven net Q is connected to at least one constant driver which has been preserved, other driver is ignored [C:/Users/yagob/Documents/GitHub/TRABAJO_VHDL/TRABAJO_V1/project_1.srcs/sources_1/new/SEMAFORO.vhd:44]
CRITICAL WARNING: [Synth 8-6859] multi-driven net on pin Q with 1st driver pin 'Inst_SEM/a_reg[14]__0/Q' [C:/Users/yagob/Documents/GitHub/TRABAJO_VHDL/TRABAJO_V1/project_1.srcs/sources_1/new/SEMAFORO.vhd:44]
CRITICAL WARNING: [Synth 8-6859] multi-driven net on pin Q with 2nd driver pin 'GND' [C:/Users/yagob/Documents/GitHub/TRABAJO_VHDL/TRABAJO_V1/project_1.srcs/sources_1/new/SEMAFORO.vhd:44]
CRITICAL WARNING: [Synth 8-6858] multi-driven net Q is connected to at least one constant driver which has been preserved, other driver is ignored [C:/Users/yagob/Documents/GitHub/TRABAJO_VHDL/TRABAJO_V1/project_1.srcs/sources_1/new/SEMAFORO.vhd:44]
CRITICAL WARNING: [Synth 8-6859] multi-driven net on pin Q with 1st driver pin 'Inst_SEM/a_reg[13]__0/Q' [C:/Users/yagob/Documents/GitHub/TRABAJO_VHDL/TRABAJO_V1/project_1.srcs/sources_1/new/SEMAFORO.vhd:44]
CRITICAL WARNING: [Synth 8-6859] multi-driven net on pin Q with 2nd driver pin 'GND' [C:/Users/yagob/Documents/GitHub/TRABAJO_VHDL/TRABAJO_V1/project_1.srcs/sources_1/new/SEMAFORO.vhd:44]
CRITICAL WARNING: [Synth 8-6858] multi-driven net Q is connected to at least one constant driver which has been preserved, other driver is ignored [C:/Users/yagob/Documents/GitHub/TRABAJO_VHDL/TRABAJO_V1/project_1.srcs/sources_1/new/SEMAFORO.vhd:44]
CRITICAL WARNING: [Synth 8-6859] multi-driven net on pin Q with 1st driver pin 'Inst_SEM/a_reg[12]__0/Q' [C:/Users/yagob/Documents/GitHub/TRABAJO_VHDL/TRABAJO_V1/project_1.srcs/sources_1/new/SEMAFORO.vhd:44]
CRITICAL WARNING: [Synth 8-6859] multi-driven net on pin Q with 2nd driver pin 'GND' [C:/Users/yagob/Documents/GitHub/TRABAJO_VHDL/TRABAJO_V1/project_1.srcs/sources_1/new/SEMAFORO.vhd:44]
CRITICAL WARNING: [Synth 8-6858] multi-driven net Q is connected to at least one constant driver which has been preserved, other driver is ignored [C:/Users/yagob/Documents/GitHub/TRABAJO_VHDL/TRABAJO_V1/project_1.srcs/sources_1/new/SEMAFORO.vhd:44]
CRITICAL WARNING: [Synth 8-6859] multi-driven net on pin Q with 1st driver pin 'Inst_SEM/a_reg[11]__0/Q' [C:/Users/yagob/Documents/GitHub/TRABAJO_VHDL/TRABAJO_V1/project_1.srcs/sources_1/new/SEMAFORO.vhd:44]
CRITICAL WARNING: [Synth 8-6859] multi-driven net on pin Q with 2nd driver pin 'GND' [C:/Users/yagob/Documents/GitHub/TRABAJO_VHDL/TRABAJO_V1/project_1.srcs/sources_1/new/SEMAFORO.vhd:44]
CRITICAL WARNING: [Synth 8-6858] multi-driven net Q is connected to at least one constant driver which has been preserved, other driver is ignored [C:/Users/yagob/Documents/GitHub/TRABAJO_VHDL/TRABAJO_V1/project_1.srcs/sources_1/new/SEMAFORO.vhd:44]
CRITICAL WARNING: [Synth 8-6859] multi-driven net on pin Q with 1st driver pin 'Inst_SEM/a_reg[10]__0/Q' [C:/Users/yagob/Documents/GitHub/TRABAJO_VHDL/TRABAJO_V1/project_1.srcs/sources_1/new/SEMAFORO.vhd:44]
CRITICAL WARNING: [Synth 8-6859] multi-driven net on pin Q with 2nd driver pin 'GND' [C:/Users/yagob/Documents/GitHub/TRABAJO_VHDL/TRABAJO_V1/project_1.srcs/sources_1/new/SEMAFORO.vhd:44]
CRITICAL WARNING: [Synth 8-6858] multi-driven net Q is connected to at least one constant driver which has been preserved, other driver is ignored [C:/Users/yagob/Documents/GitHub/TRABAJO_VHDL/TRABAJO_V1/project_1.srcs/sources_1/new/SEMAFORO.vhd:44]
CRITICAL WARNING: [Synth 8-6859] multi-driven net on pin Q with 1st driver pin 'Inst_SEM/a_reg[9]__0/Q' [C:/Users/yagob/Documents/GitHub/TRABAJO_VHDL/TRABAJO_V1/project_1.srcs/sources_1/new/SEMAFORO.vhd:44]
CRITICAL WARNING: [Synth 8-6859] multi-driven net on pin Q with 2nd driver pin 'GND' [C:/Users/yagob/Documents/GitHub/TRABAJO_VHDL/TRABAJO_V1/project_1.srcs/sources_1/new/SEMAFORO.vhd:44]
CRITICAL WARNING: [Synth 8-6858] multi-driven net Q is connected to at least one constant driver which has been preserved, other driver is ignored [C:/Users/yagob/Documents/GitHub/TRABAJO_VHDL/TRABAJO_V1/project_1.srcs/sources_1/new/SEMAFORO.vhd:44]
CRITICAL WARNING: [Synth 8-6859] multi-driven net on pin Q with 1st driver pin 'Inst_SEM/a_reg[8]__0/Q' [C:/Users/yagob/Documents/GitHub/TRABAJO_VHDL/TRABAJO_V1/project_1.srcs/sources_1/new/SEMAFORO.vhd:44]
CRITICAL WARNING: [Synth 8-6859] multi-driven net on pin Q with 2nd driver pin 'GND' [C:/Users/yagob/Documents/GitHub/TRABAJO_VHDL/TRABAJO_V1/project_1.srcs/sources_1/new/SEMAFORO.vhd:44]
CRITICAL WARNING: [Synth 8-6858] multi-driven net Q is connected to at least one constant driver which has been preserved, other driver is ignored [C:/Users/yagob/Documents/GitHub/TRABAJO_VHDL/TRABAJO_V1/project_1.srcs/sources_1/new/SEMAFORO.vhd:44]
CRITICAL WARNING: [Synth 8-6859] multi-driven net on pin Q with 1st driver pin 'Inst_SEM/a_reg[7]__0/Q' [C:/Users/yagob/Documents/GitHub/TRABAJO_VHDL/TRABAJO_V1/project_1.srcs/sources_1/new/SEMAFORO.vhd:44]
CRITICAL WARNING: [Synth 8-6859] multi-driven net on pin Q with 2nd driver pin 'GND' [C:/Users/yagob/Documents/GitHub/TRABAJO_VHDL/TRABAJO_V1/project_1.srcs/sources_1/new/SEMAFORO.vhd:44]
CRITICAL WARNING: [Synth 8-6858] multi-driven net Q is connected to at least one constant driver which has been preserved, other driver is ignored [C:/Users/yagob/Documents/GitHub/TRABAJO_VHDL/TRABAJO_V1/project_1.srcs/sources_1/new/SEMAFORO.vhd:44]
CRITICAL WARNING: [Synth 8-6859] multi-driven net on pin Q with 1st driver pin 'Inst_SEM/a_reg[6]__0/Q' [C:/Users/yagob/Documents/GitHub/TRABAJO_VHDL/TRABAJO_V1/project_1.srcs/sources_1/new/SEMAFORO.vhd:44]
CRITICAL WARNING: [Synth 8-6859] multi-driven net on pin Q with 2nd driver pin 'GND' [C:/Users/yagob/Documents/GitHub/TRABAJO_VHDL/TRABAJO_V1/project_1.srcs/sources_1/new/SEMAFORO.vhd:44]
CRITICAL WARNING: [Synth 8-6858] multi-driven net Q is connected to at least one constant driver which has been preserved, other driver is ignored [C:/Users/yagob/Documents/GitHub/TRABAJO_VHDL/TRABAJO_V1/project_1.srcs/sources_1/new/SEMAFORO.vhd:44]
CRITICAL WARNING: [Synth 8-6859] multi-driven net on pin Q with 1st driver pin 'Inst_SEM/a_reg[5]__0/Q' [C:/Users/yagob/Documents/GitHub/TRABAJO_VHDL/TRABAJO_V1/project_1.srcs/sources_1/new/SEMAFORO.vhd:44]
CRITICAL WARNING: [Synth 8-6859] multi-driven net on pin Q with 2nd driver pin 'GND' [C:/Users/yagob/Documents/GitHub/TRABAJO_VHDL/TRABAJO_V1/project_1.srcs/sources_1/new/SEMAFORO.vhd:44]
CRITICAL WARNING: [Synth 8-6858] multi-driven net Q is connected to at least one constant driver which has been preserved, other driver is ignored [C:/Users/yagob/Documents/GitHub/TRABAJO_VHDL/TRABAJO_V1/project_1.srcs/sources_1/new/SEMAFORO.vhd:44]
CRITICAL WARNING: [Synth 8-6859] multi-driven net on pin Q with 1st driver pin 'Inst_SEM/a_reg[4]__0/Q' [C:/Users/yagob/Documents/GitHub/TRABAJO_VHDL/TRABAJO_V1/project_1.srcs/sources_1/new/SEMAFORO.vhd:44]
CRITICAL WARNING: [Synth 8-6859] multi-driven net on pin Q with 2nd driver pin 'GND' [C:/Users/yagob/Documents/GitHub/TRABAJO_VHDL/TRABAJO_V1/project_1.srcs/sources_1/new/SEMAFORO.vhd:44]
CRITICAL WARNING: [Synth 8-6858] multi-driven net Q is connected to at least one constant driver which has been preserved, other driver is ignored [C:/Users/yagob/Documents/GitHub/TRABAJO_VHDL/TRABAJO_V1/project_1.srcs/sources_1/new/SEMAFORO.vhd:44]
CRITICAL WARNING: [Synth 8-6859] multi-driven net on pin Q with 1st driver pin 'Inst_SEM/a_reg[3]__0/Q' [C:/Users/yagob/Documents/GitHub/TRABAJO_VHDL/TRABAJO_V1/project_1.srcs/sources_1/new/SEMAFORO.vhd:44]
CRITICAL WARNING: [Synth 8-6859] multi-driven net on pin Q with 2nd driver pin 'GND' [C:/Users/yagob/Documents/GitHub/TRABAJO_VHDL/TRABAJO_V1/project_1.srcs/sources_1/new/SEMAFORO.vhd:44]
CRITICAL WARNING: [Synth 8-6858] multi-driven net Q is connected to at least one constant driver which has been preserved, other driver is ignored [C:/Users/yagob/Documents/GitHub/TRABAJO_VHDL/TRABAJO_V1/project_1.srcs/sources_1/new/SEMAFORO.vhd:44]
CRITICAL WARNING: [Synth 8-6859] multi-driven net on pin Q with 1st driver pin 'Inst_SEM/a_reg[2]__0/Q' [C:/Users/yagob/Documents/GitHub/TRABAJO_VHDL/TRABAJO_V1/project_1.srcs/sources_1/new/SEMAFORO.vhd:44]
CRITICAL WARNING: [Synth 8-6859] multi-driven net on pin Q with 2nd driver pin 'GND' [C:/Users/yagob/Documents/GitHub/TRABAJO_VHDL/TRABAJO_V1/project_1.srcs/sources_1/new/SEMAFORO.vhd:44]
CRITICAL WARNING: [Synth 8-6858] multi-driven net Q is connected to at least one constant driver which has been preserved, other driver is ignored [C:/Users/yagob/Documents/GitHub/TRABAJO_VHDL/TRABAJO_V1/project_1.srcs/sources_1/new/SEMAFORO.vhd:44]
CRITICAL WARNING: [Synth 8-6859] multi-driven net on pin Q with 1st driver pin 'Inst_SEM/a_reg[1]__0/Q' [C:/Users/yagob/Documents/GitHub/TRABAJO_VHDL/TRABAJO_V1/project_1.srcs/sources_1/new/SEMAFORO.vhd:44]
CRITICAL WARNING: [Synth 8-6859] multi-driven net on pin Q with 2nd driver pin 'GND' [C:/Users/yagob/Documents/GitHub/TRABAJO_VHDL/TRABAJO_V1/project_1.srcs/sources_1/new/SEMAFORO.vhd:44]
CRITICAL WARNING: [Synth 8-6858] multi-driven net Q is connected to at least one constant driver which has been preserved, other driver is ignored [C:/Users/yagob/Documents/GitHub/TRABAJO_VHDL/TRABAJO_V1/project_1.srcs/sources_1/new/SEMAFORO.vhd:44]
CRITICAL WARNING: [Synth 8-6859] multi-driven net on pin Q with 1st driver pin 'Inst_SEM/a_reg[0]__0/Q' [C:/Users/yagob/Documents/GitHub/TRABAJO_VHDL/TRABAJO_V1/project_1.srcs/sources_1/new/SEMAFORO.vhd:44]
CRITICAL WARNING: [Synth 8-6859] multi-driven net on pin Q with 2nd driver pin 'GND' [C:/Users/yagob/Documents/GitHub/TRABAJO_VHDL/TRABAJO_V1/project_1.srcs/sources_1/new/SEMAFORO.vhd:44]
CRITICAL WARNING: [Synth 8-6858] multi-driven net Q is connected to at least one constant driver which has been preserved, other driver is ignored [C:/Users/yagob/Documents/GitHub/TRABAJO_VHDL/TRABAJO_V1/project_1.srcs/sources_1/new/SEMAFORO.vhd:44]
---------------------------------------------------------------------------------
Finished Cross Boundary and Area Optimization : Time (s): cpu = 00:00:26 ; elapsed = 00:00:28 . Memory (MB): peak = 1383.258 ; gain = 549.855
---------------------------------------------------------------------------------
---------------------------------------------------------------------------------
Start Applying XDC Timing Constraints
---------------------------------------------------------------------------------
---------------------------------------------------------------------------------
Finished Applying XDC Timing Constraints : Time (s): cpu = 00:00:34 ; elapsed = 00:00:37 . Memory (MB): peak = 1383.258 ; gain = 549.855
---------------------------------------------------------------------------------
---------------------------------------------------------------------------------
Start Timing Optimization
---------------------------------------------------------------------------------
---------------------------------------------------------------------------------
Finished Timing Optimization : Time (s): cpu = 00:00:34 ; elapsed = 00:00:37 . Memory (MB): peak = 1383.258 ; gain = 549.855
---------------------------------------------------------------------------------
---------------------------------------------------------------------------------
Start Technology Mapping
---------------------------------------------------------------------------------
---------------------------------------------------------------------------------
Finished Technology Mapping : Time (s): cpu = 00:00:35 ; elapsed = 00:00:37 . Memory (MB): peak = 1383.258 ; gain = 549.855
---------------------------------------------------------------------------------
---------------------------------------------------------------------------------
Start IO Insertion
---------------------------------------------------------------------------------
---------------------------------------------------------------------------------
Start Flattening Before IO Insertion
---------------------------------------------------------------------------------
---------------------------------------------------------------------------------
Finished Flattening Before IO Insertion
---------------------------------------------------------------------------------
---------------------------------------------------------------------------------
Start Final Netlist Cleanup
---------------------------------------------------------------------------------
---------------------------------------------------------------------------------
Finished Final Netlist Cleanup
---------------------------------------------------------------------------------
---------------------------------------------------------------------------------
Finished IO Insertion : Time (s): cpu = 00:00:42 ; elapsed = 00:00:44 . Memory (MB): peak = 1383.258 ; gain = 549.855
---------------------------------------------------------------------------------
---------------------------------------------------------------------------------
Start Renaming Generated Instances
---------------------------------------------------------------------------------
---------------------------------------------------------------------------------
Finished Renaming Generated Instances : Time (s): cpu = 00:00:42 ; elapsed = 00:00:44 . Memory (MB): peak = 1383.258 ; gain = 549.855
---------------------------------------------------------------------------------
---------------------------------------------------------------------------------
Start Rebuilding User Hierarchy
---------------------------------------------------------------------------------
---------------------------------------------------------------------------------
Finished Rebuilding User Hierarchy : Time (s): cpu = 00:00:42 ; elapsed = 00:00:44 . Memory (MB): peak = 1383.258 ; gain = 549.855
---------------------------------------------------------------------------------
---------------------------------------------------------------------------------
Start Renaming Generated Ports
---------------------------------------------------------------------------------
---------------------------------------------------------------------------------
Finished Renaming Generated Ports : Time (s): cpu = 00:00:42 ; elapsed = 00:00:44 . Memory (MB): peak = 1383.258 ; gain = 549.855
---------------------------------------------------------------------------------
---------------------------------------------------------------------------------
Start Handling Custom Attributes
---------------------------------------------------------------------------------
---------------------------------------------------------------------------------
Finished Handling Custom Attributes : Time (s): cpu = 00:00:42 ; elapsed = 00:00:44 . Memory (MB): peak = 1383.258 ; gain = 549.855
---------------------------------------------------------------------------------
---------------------------------------------------------------------------------
Start Renaming Generated Nets
---------------------------------------------------------------------------------
---------------------------------------------------------------------------------
Finished Renaming Generated Nets : Time (s): cpu = 00:00:42 ; elapsed = 00:00:44 . Memory (MB): peak = 1383.258 ; gain = 549.855
---------------------------------------------------------------------------------
---------------------------------------------------------------------------------
Start Writing Synthesis Report
---------------------------------------------------------------------------------

Report BlackBoxes: 
+-+--------------+----------+
| |BlackBox name |Instances |
+-+--------------+----------+
+-+--------------+----------+

Report Cell Usage: 
+------+-------+------+
|      |Cell   |Count |
+------+-------+------+
|1     |BUFG   |     2|
|2     |CARRY4 |    23|
|3     |LUT1   |     2|
|4     |LUT2   |    35|
|5     |LUT3   |    31|
|6     |LUT4   |     9|
|7     |LUT5   |     2|
|8     |LUT6   |     8|
|9     |FDCE   |    28|
|10    |FDRE   |    35|
|11    |FDSE   |     1|
|12    |LD     |    31|
|13    |IBUF   |     3|
|14    |OBUF   |     6|
+------+-------+------+
---------------------------------------------------------------------------------
Finished Writing Synthesis Report : Time (s): cpu = 00:00:42 ; elapsed = 00:00:44 . Memory (MB): peak = 1383.258 ; gain = 549.855
---------------------------------------------------------------------------------
Synthesis finished with 0 errors, 93 critical warnings and 34 warnings.
Synthesis Optimization Runtime : Time (s): cpu = 00:00:29 ; elapsed = 00:00:42 . Memory (MB): peak = 1383.258 ; gain = 498.820
Synthesis Optimization Complete : Time (s): cpu = 00:00:42 ; elapsed = 00:00:44 . Memory (MB): peak = 1383.258 ; gain = 549.855
INFO: [Project 1-571] Translating synthesized netlist
Netlist sorting complete. Time (s): cpu = 00:00:00 ; elapsed = 00:00:00.004 . Memory (MB): peak = 1383.258 ; gain = 0.000
INFO: [Netlist 29-17] Analyzing 54 Unisim elements for replacement
INFO: [Netlist 29-28] Unisim Transformation completed in 0 CPU seconds
INFO: [Project 1-570] Preparing netlist for logic optimization
INFO: [Opt 31-138] Pushed 0 inverter(s) to 0 load pin(s).
Netlist sorting complete. Time (s): cpu = 00:00:00 ; elapsed = 00:00:00 . Memory (MB): peak = 1383.258 ; gain = 0.000
INFO: [Project 1-111] Unisim Transformation Summary:
  A total of 31 instances were transformed.
  LD => LDCE: 31 instances

Synth Design complete, checksum: 992d4d53
INFO: [Common 17-83] Releasing license: Synthesis
33 Infos, 36 Warnings, 93 Critical Warnings and 0 Errors encountered.
synth_design completed successfully
synth_design: Time (s): cpu = 00:00:49 ; elapsed = 00:00:56 . Memory (MB): peak = 1383.258 ; gain = 940.516
INFO: [runtcl-6] Synthesis results are not added to the cache due to CRITICAL_WARNING
INFO: [Common 17-1381] The checkpoint 'C:/Users/yagob/Documents/GitHub/TRABAJO_VHDL/TRABAJO_V1/project_1.runs/synth_1/top.dcp' has been generated.
INFO: [runtcl-4] Executing : report_utilization -file top_utilization_synth.rpt -pb top_utilization_synth.pb
INFO: [Common 17-206] Exiting Vivado at Fri Jun 16 15:06:57 2023...
