
*** Running vivado
    with args -log top.vdi -applog -m64 -product Vivado -messageDb vivado.pb -mode batch -source top.tcl -notrace



****** Vivado v2022.2 (64-bit)
  **** SW Build 3671981 on Fri Oct 14 05:00:03 MDT 2022
  **** IP Build 3669848 on Fri Oct 14 08:30:02 MDT 2022
    ** Copyright 1986-2022 Xilinx, Inc. All Rights Reserved.

source top.tcl -notrace
create_project: Time (s): cpu = 00:00:05 ; elapsed = 00:00:05 . Memory (MB): peak = 378.602 ; gain = 63.934
Command: link_design -top top -part xc7a100tcsg324-1
Design is defaulting to srcset: sources_1
Design is defaulting to constrset: constrs_1
INFO: [Device 21-403] Loading part xc7a100tcsg324-1
Netlist sorting complete. Time (s): cpu = 00:00:00 ; elapsed = 00:00:00.001 . Memory (MB): peak = 798.422 ; gain = 0.000
INFO: [Netlist 29-17] Analyzing 8 Unisim elements for replacement
INFO: [Netlist 29-28] Unisim Transformation completed in 0 CPU seconds
INFO: [Project 1-479] Netlist was created with Vivado 2022.2
INFO: [Project 1-570] Preparing netlist for logic optimization
Parsing XDC File [C:/Users/yagob/Documents/GitHub/TRABAJO_VHDL/TRABAJO.srcs/constrs_1/imports/digilent-xdc-master/Nexys-4-DDR-Master.xdc]
Finished Parsing XDC File [C:/Users/yagob/Documents/GitHub/TRABAJO_VHDL/TRABAJO.srcs/constrs_1/imports/digilent-xdc-master/Nexys-4-DDR-Master.xdc]
INFO: [Opt 31-138] Pushed 0 inverter(s) to 0 load pin(s).
Netlist sorting complete. Time (s): cpu = 00:00:00 ; elapsed = 00:00:00 . Memory (MB): peak = 928.285 ; gain = 0.000
INFO: [Project 1-111] Unisim Transformation Summary:
No Unisim elements were transformed.

7 Infos, 0 Warnings, 0 Critical Warnings and 0 Errors encountered.
link_design completed successfully
link_design: Time (s): cpu = 00:00:05 ; elapsed = 00:00:07 . Memory (MB): peak = 932.344 ; gain = 549.188
Command: opt_design
Attempting to get a license for feature 'Implementation' and/or device 'xc7a100t'
INFO: [Common 17-349] Got license for feature 'Implementation' and/or device 'xc7a100t'
Running DRC as a precondition to command opt_design

Starting DRC Task
INFO: [DRC 23-27] Running DRC with 2 threads
ERROR: [DRC MDRV-1] Multiple Driver Nets: Net Inst_P3/k[0] has multiple drivers: Inst_P3/k_reg[0]/Q, and Inst_P3/k_reg[0]__0/Q.
ERROR: [DRC MDRV-1] Multiple Driver Nets: Net Inst_P3/k[10] has multiple drivers: Inst_P3/k_reg[10]/Q, and Inst_P3/k_reg[10]__0/Q.
ERROR: [DRC MDRV-1] Multiple Driver Nets: Net Inst_P3/k[11] has multiple drivers: Inst_P3/k_reg[11]__0/Q, and Inst_P3/k_reg[11]/Q.
ERROR: [DRC MDRV-1] Multiple Driver Nets: Net Inst_P3/k[12] has multiple drivers: Inst_P3/k_reg[12]/Q, and Inst_P3/k_reg[12]__0/Q.
ERROR: [DRC MDRV-1] Multiple Driver Nets: Net Inst_P3/k[13] has multiple drivers: Inst_P3/k_reg[13]/Q, and Inst_P3/k_reg[13]__0/Q.
ERROR: [DRC MDRV-1] Multiple Driver Nets: Net Inst_P3/k[14] has multiple drivers: Inst_P3/k_reg[14]__0/Q, and Inst_P3/k_reg[14]/Q.
ERROR: [DRC MDRV-1] Multiple Driver Nets: Net Inst_P3/k[15] has multiple drivers: Inst_P3/k_reg[15]/Q, and Inst_P3/k_reg[15]__0/Q.
ERROR: [DRC MDRV-1] Multiple Driver Nets: Net Inst_P3/k[16] has multiple drivers: Inst_P3/k_reg[16]/Q, and Inst_P3/k_reg[16]__0/Q.
ERROR: [DRC MDRV-1] Multiple Driver Nets: Net Inst_P3/k[17] has multiple drivers: Inst_P3/k_reg[17]__0/Q, and Inst_P3/k_reg[17]/Q.
ERROR: [DRC MDRV-1] Multiple Driver Nets: Net Inst_P3/k[18] has multiple drivers: Inst_P3/k_reg[18]__0/Q, and Inst_P3/k_reg[18]/Q.
ERROR: [DRC MDRV-1] Multiple Driver Nets: Net Inst_P3/k[19] has multiple drivers: Inst_P3/k_reg[19]/Q, and Inst_P3/k_reg[19]__0/Q.
ERROR: [DRC MDRV-1] Multiple Driver Nets: Net Inst_P3/k[1] has multiple drivers: Inst_P3/k_reg[1]/Q, and Inst_P3/k_reg[1]__0/Q.
ERROR: [DRC MDRV-1] Multiple Driver Nets: Net Inst_P3/k[20] has multiple drivers: Inst_P3/k_reg[20]/Q, and Inst_P3/k_reg[20]__0/Q.
ERROR: [DRC MDRV-1] Multiple Driver Nets: Net Inst_P3/k[21] has multiple drivers: Inst_P3/k_reg[21]__0/Q, and Inst_P3/k_reg[21]/Q.
ERROR: [DRC MDRV-1] Multiple Driver Nets: Net Inst_P3/k[22] has multiple drivers: Inst_P3/k_reg[22]/Q, and Inst_P3/k_reg[22]__0/Q.
ERROR: [DRC MDRV-1] Multiple Driver Nets: Net Inst_P3/k[23] has multiple drivers: Inst_P3/k_reg[23]__0/Q, and Inst_P3/k_reg[23]/Q.
ERROR: [DRC MDRV-1] Multiple Driver Nets: Net Inst_P3/k[24] has multiple drivers: Inst_P3/k_reg[24]/Q, and Inst_P3/k_reg[24]__0/Q.
ERROR: [DRC MDRV-1] Multiple Driver Nets: Net Inst_P3/k[25] has multiple drivers: Inst_P3/k_reg[25]/Q, and Inst_P3/k_reg[25]__0/Q.
ERROR: [DRC MDRV-1] Multiple Driver Nets: Net Inst_P3/k[26] has multiple drivers: Inst_P3/k_reg[26]/Q, and Inst_P3/k_reg[26]__0/Q.
ERROR: [DRC MDRV-1] Multiple Driver Nets: Net Inst_P3/k[27] has multiple drivers: Inst_P3/k_reg[27]__0/Q, and Inst_P3/k_reg[27]/Q.
ERROR: [DRC MDRV-1] Multiple Driver Nets: Net Inst_P3/k[28] has multiple drivers: Inst_P3/k_reg[28]/Q, and Inst_P3/k_reg[28]__0/Q.
ERROR: [DRC MDRV-1] Multiple Driver Nets: Net Inst_P3/k[29] has multiple drivers: Inst_P3/k_reg[29]__0/Q, and Inst_P3/k_reg[29]/Q.
ERROR: [DRC MDRV-1] Multiple Driver Nets: Net Inst_P3/k[2] has multiple drivers: Inst_P3/k_reg[2]__0/Q, and Inst_P3/k_reg[2]/Q.
ERROR: [DRC MDRV-1] Multiple Driver Nets: Net Inst_P3/k[30] has multiple drivers: Inst_P3/k_reg[30]/Q, and Inst_P3/k_reg[30]__0/Q.
ERROR: [DRC MDRV-1] Multiple Driver Nets: Net Inst_P3/k[3] has multiple drivers: Inst_P3/k_reg[3]/Q, and Inst_P3/k_reg[3]__0/Q.
ERROR: [DRC MDRV-1] Multiple Driver Nets: Net Inst_P3/k[4] has multiple drivers: Inst_P3/k_reg[4]__0/Q, and Inst_P3/k_reg[4]/Q.
ERROR: [DRC MDRV-1] Multiple Driver Nets: Net Inst_P3/k[5] has multiple drivers: Inst_P3/k_reg[5]__0/Q, and Inst_P3/k_reg[5]/Q.
ERROR: [DRC MDRV-1] Multiple Driver Nets: Net Inst_P3/k[6] has multiple drivers: Inst_P3/k_reg[6]__0/Q, and Inst_P3/k_reg[6]/Q.
ERROR: [DRC MDRV-1] Multiple Driver Nets: Net Inst_P3/k[7] has multiple drivers: Inst_P3/k_reg[7]/Q, and Inst_P3/k_reg[7]__0/Q.
ERROR: [DRC MDRV-1] Multiple Driver Nets: Net Inst_P3/k[8] has multiple drivers: Inst_P3/k_reg[8]/Q, and Inst_P3/k_reg[8]__0/Q.
ERROR: [DRC MDRV-1] Multiple Driver Nets: Net Inst_P3/k[9] has multiple drivers: Inst_P3/k_reg[9]__0/Q, and Inst_P3/k_reg[9]/Q.
INFO: [Project 1-461] DRC finished with 31 Errors
INFO: [Project 1-462] Please refer to the DRC report (report_drc) for more information.
ERROR: [Vivado_Tcl 4-78] Error(s) found during DRC. Opt_design not run.

Time (s): cpu = 00:00:02 ; elapsed = 00:00:01 . Memory (MB): peak = 952.270 ; gain = 19.926
INFO: [Common 17-83] Releasing license: Implementation
12 Infos, 0 Warnings, 0 Critical Warnings and 32 Errors encountered.
opt_design failed
ERROR: [Common 17-39] 'opt_design' failed due to earlier errors.

INFO: [Common 17-206] Exiting Vivado at Wed Dec 14 19:59:57 2022...
